2023-04-07 09:37:39,088 [INFO] Activator:176 - 


2023-04-07 09:37:39,099 [INFO] Activator:177 - !SESSION log4j initialized
2023-04-07 09:37:47,492 [INFO] LogOutputStream:77 - [STDOUT_REDIRECT] 
2023-04-07 09:38:11,721 [ERROR] LogOutputStream:75 - [STDERR_REDIRECT] SLF4J: Failed to load class "org.slf4j.impl.StaticLoggerBinder".
2023-04-07 09:38:11,721 [ERROR] LogOutputStream:75 - [STDERR_REDIRECT] SLF4J: Defaulting to no-operation (NOP) logger implementation
2023-04-07 09:38:11,722 [ERROR] LogOutputStream:75 - [STDERR_REDIRECT] SLF4J: See http://www.slf4j.org/codes.html#StaticLoggerBinder for further details.
2023-04-07 10:43:35,748 [INFO] ApplicationProperties:184 - Using Application install path: /opt/st/stm32cubeide_1.12.0/plugins/com.st.stm32cube.common.mx_6.8.0.202302231600
2023-04-07 10:43:35,785 [INFO] DbMcusXml:78 - Set database path to: /opt/st/stm32cubeide_1.12.0/plugins/com.st.stm32cube.common.mx_6.8.0.202302231600//db//mcu/
2023-04-07 10:43:35,785 [INFO] ApiDb:274 - Set plugin database path to: /opt/st/stm32cubeide_1.12.0/plugins/com.st.stm32cube.common.mx_6.8.0.202302231600//db//plugins/boardmanager/
2023-04-07 10:43:35,788 [WARN] ApiDb:259 - Overriding images path with different value:  => /opt/st/stm32cubeide_1.12.0/plugins/com.st.stm32cube.common.mx_6.8.0.202302231600//db//plugins/mcufinder/images/
2023-04-07 10:43:36,171 [INFO] ApiDb:250 - Set database path to: /home/sanketh/.stmcufinder/plugins/mcufinder//mcu/
2023-04-07 10:43:36,172 [INFO] DbMcusAds:125 - Set database path to: /home/sanketh/.stmcufinder/plugins/mcufinder//mcu/
2023-04-07 10:43:42,515 [INFO] CrossReferenceDbSqlite:203 - Set database path to: /home/sanketh/.stmcufinder/plugins/mcufinder//mcu/cs/
2023-04-07 10:43:42,760 [INFO] RulesReader:64 - Compatibility file has been processed (293 Rules)
2023-04-07 10:43:43,023 [INFO] DbMcusXml:78 - Set database path to: /opt/st/stm32cubeide_1.12.0/plugins/com.st.stm32cube.common.mx_6.8.0.202302231600//db//mcu/
2023-04-07 10:43:43,023 [INFO] ApiDb:274 - Set plugin database path to: /opt/st/stm32cubeide_1.12.0/plugins/com.st.stm32cube.common.mx_6.8.0.202302231600//db//plugins/boardmanager/
2023-04-07 10:43:43,023 [INFO] ApiDb:261 - Set plugin images path to: /opt/st/stm32cubeide_1.12.0/plugins/com.st.stm32cube.common.mx_6.8.0.202302231600//db//plugins/mcufinder/images/
2023-04-07 10:43:43,024 [WARN] DbFile:41 - Overriding database path with different value: /home/sanketh/.stmcufinder/plugins/mcufinder/ => /home/sanketh/.stmcufinder/plugins/mcufinder
2023-04-07 10:43:43,024 [INFO] ApiDb:250 - Set database path to: /home/sanketh/.stmcufinder/plugins/mcufinder//mcu/
2023-04-07 10:43:43,024 [WARN] DbFile:41 - Overriding database path with different value: /home/sanketh/.stmcufinder/plugins/mcufinder/ => /home/sanketh/.stmcufinder/plugins/mcufinder
2023-04-07 10:43:43,024 [INFO] DbMcusAds:125 - Set database path to: /home/sanketh/.stmcufinder/plugins/mcufinder//mcu/
2023-04-07 10:43:43,024 [WARN] DbFile:41 - Overriding database path with different value: /home/sanketh/.stmcufinder/plugins/mcufinder/ => /home/sanketh/.stmcufinder/plugins/mcufinder
2023-04-07 10:43:43,024 [WARN] DbFile:41 - Overriding database path with different value: /home/sanketh/.stmcufinder/plugins/mcufinder/ => /home/sanketh/.stmcufinder/plugins/mcufinder
2023-04-07 10:43:43,024 [INFO] CrossReferenceDbSqlite:203 - Set database path to: /home/sanketh/.stmcufinder/plugins/mcufinder//mcu/cs/
2023-04-07 10:43:43,333 [INFO] MainPanel:253 - HeapMemory: 433061888
2023-04-07 10:43:43,772 [INFO] DbMcusXml:78 - Set database path to: /opt/st/stm32cubeide_1.12.0/plugins/com.st.stm32cube.common.mx_6.8.0.202302231600//db//mcu/
2023-04-07 10:43:43,772 [INFO] ApiDb:274 - Set plugin database path to: /opt/st/stm32cubeide_1.12.0/plugins/com.st.stm32cube.common.mx_6.8.0.202302231600//db//plugins/boardmanager/
2023-04-07 10:43:43,772 [INFO] ApiDb:261 - Set plugin images path to: /opt/st/stm32cubeide_1.12.0/plugins/com.st.stm32cube.common.mx_6.8.0.202302231600//db//plugins/mcufinder/images/
2023-04-07 10:43:43,772 [WARN] DbFile:41 - Overriding database path with different value: /home/sanketh/.stmcufinder/plugins/mcufinder/ => /home/sanketh/.stmcufinder/plugins/mcufinder
2023-04-07 10:43:43,772 [INFO] ApiDb:250 - Set database path to: /home/sanketh/.stmcufinder/plugins/mcufinder//mcu/
2023-04-07 10:43:43,772 [WARN] DbFile:41 - Overriding database path with different value: /home/sanketh/.stmcufinder/plugins/mcufinder/ => /home/sanketh/.stmcufinder/plugins/mcufinder
2023-04-07 10:43:43,773 [INFO] DbMcusAds:125 - Set database path to: /home/sanketh/.stmcufinder/plugins/mcufinder//mcu/
2023-04-07 10:43:43,773 [WARN] DbFile:41 - Overriding database path with different value: /home/sanketh/.stmcufinder/plugins/mcufinder/ => /home/sanketh/.stmcufinder/plugins/mcufinder
2023-04-07 10:43:43,773 [WARN] DbFile:41 - Overriding database path with different value: /home/sanketh/.stmcufinder/plugins/mcufinder/ => /home/sanketh/.stmcufinder/plugins/mcufinder
2023-04-07 10:43:43,773 [INFO] CrossReferenceDbSqlite:203 - Set database path to: /home/sanketh/.stmcufinder/plugins/mcufinder//mcu/cs/
2023-04-07 10:43:43,822 [INFO] ApplicationProperties:184 - Using Application install path: /opt/st/stm32cubeide_1.12.0/plugins/com.st.stm32cube.common.mx_6.8.0.202302231600
2023-04-07 10:43:43,833 [INFO] PluginManage:196 - Search for loadable plugins [exclusion list=, ]
2023-04-07 10:43:43,843 [INFO] PluginManage:310 - Check plugin analytics
2023-04-07 10:43:44,075 [INFO] AnalyticsPlugin:253 - Accepted Software Licenses: 
2023-04-07 10:43:44,076 [INFO] AnalyticsPlugin:255 - Accepted CMSIS Pack Licenses: 
2023-04-07 10:43:44,076 [INFO] AnalyticsPlugin:257 - Accepted Firmware Licenses: FW.F4.1.27.0
2023-04-07 10:43:44,083 [INFO] PluginManage:359 - Loaded plugin analytics (category:tool,tabindex:-1)
2023-04-07 10:43:44,083 [INFO] PluginManage:310 - Check plugin cadmodel
2023-04-07 10:43:44,217 [INFO] CADModel:105 - Init CAD model plugin
2023-04-07 10:43:44,217 [INFO] PluginManage:359 - Loaded plugin cadmodel (category:power,tabindex:5)
2023-04-07 10:43:44,217 [INFO] PluginManage:310 - Check plugin clock
2023-04-07 10:43:44,261 [INFO] PluginManage:359 - Loaded plugin clock (category:base,tabindex:2)
2023-04-07 10:43:44,261 [INFO] PluginManage:310 - Check plugin ddr
2023-04-07 10:43:44,289 [INFO] PluginManage:359 - Loaded plugin ddr (category:tool,tabindex:6)
2023-04-07 10:43:44,289 [INFO] PluginManage:310 - Check plugin filemanager
2023-04-07 10:43:44,514 [INFO] PluginManage:359 - Loaded plugin filemanager (category:base,tabindex:10)
2023-04-07 10:43:44,514 [INFO] PluginManage:310 - Check plugin ipmanager
2023-04-07 10:43:44,523 [INFO] PluginManage:359 - Loaded plugin ipmanager (category:base,tabindex:5)
2023-04-07 10:43:44,523 [INFO] PluginManage:310 - Check plugin lpbam
2023-04-07 10:43:44,548 [INFO] PluginManage:359 - Loaded plugin lpbam (category:base,tabindex:0)
2023-04-07 10:43:44,548 [INFO] PluginManage:310 - Check plugin pinoutandconfiguration
2023-04-07 10:43:44,556 [INFO] PluginManage:359 - Loaded plugin pinoutandconfiguration (category:base,tabindex:1)
2023-04-07 10:43:44,556 [INFO] PluginManage:310 - Check plugin pinoutconfig
2023-04-07 10:43:44,826 [WARN] SupportedApi:132 - Cannot load RTOS API schema: s4s-elt-must-match.1: The content of 'definitions' must match (annotation?, (simpleType | complexType)?, (unique | key | keyref)*)). A problem was found starting at: attribute.
2023-04-07 10:43:45,005 [INFO] PluginManage:359 - Loaded plugin pinoutconfig (category:base,tabindex:0)
2023-04-07 10:43:45,005 [INFO] PluginManage:310 - Check plugin power
2023-04-07 10:43:45,054 [INFO] PluginManage:359 - Loaded plugin power (category:power,tabindex:4)
2023-04-07 10:43:45,054 [INFO] PluginManage:310 - Check plugin projectmanager
2023-04-07 10:43:45,095 [INFO] PluginManage:359 - Loaded plugin projectmanager (category:projectmanager,tabindex:3)
2023-04-07 10:43:45,095 [INFO] PluginManage:310 - Check plugin thirdparty
2023-04-07 10:43:45,416 [INFO] PluginManage:359 - Loaded plugin thirdparty (category:base,tabindex:-1)
2023-04-07 10:43:45,416 [WARN] IntegrityCheckThread:84 - waiting for thirdparty lock release [integrity check]
2023-04-07 10:43:45,416 [INFO] PluginManage:310 - Check plugin tools
2023-04-07 10:43:45,417 [INFO] IntegrityCheckThread:86 - entering critical section [integrity check]
2023-04-07 10:43:45,418 [INFO] ThirdPartyUpdaterWithRetryManager:70 - Updater plugin not ready yet. [1/15]
2023-04-07 10:43:45,442 [INFO] PluginManage:359 - Loaded plugin tools (category:base,tabindex:7)
2023-04-07 10:43:45,442 [INFO] PluginManage:310 - Check plugin tutovideos
2023-04-07 10:43:45,681 [INFO] PluginManage:359 - Loaded plugin tutovideos (category:base,tabindex:-1)
2023-04-07 10:43:45,682 [INFO] PluginManage:310 - Check plugin updater
2023-04-07 10:43:45,718 [INFO] PluginManage:359 - Loaded plugin updater (category:base,tabindex:12)
2023-04-07 10:43:45,718 [INFO] PluginManage:283 - PluginManage : Loaded plugins [15]
2023-04-07 10:43:46,179 [INFO] PinOutPanel:1499 - setPackage(No Configuration,No Configuration)
2023-04-07 10:43:46,267 [INFO] CADModel:165 - CPN selected for project level
2023-04-07 10:43:46,268 [INFO] CADModel:114 - Register for checkConnection events
2023-04-07 10:43:46,317 [INFO] IPUIPlugin:80 - create IPUIPlugin
2023-04-07 10:43:46,317 [INFO] PluginManager:220 - loadIPPluginJar : add ipddr
2023-04-07 10:43:46,320 [INFO] IPUIPlugin:80 - create IPUIPlugin
2023-04-07 10:43:46,320 [INFO] PluginManager:220 - loadIPPluginJar : add opamp
2023-04-07 10:43:46,321 [INFO] IPUIPlugin:80 - create IPUIPlugin
2023-04-07 10:43:46,322 [INFO] PluginManager:220 - loadIPPluginJar : add tracer_emb
2023-04-07 10:43:46,323 [INFO] IPUIPlugin:80 - create IPUIPlugin
2023-04-07 10:43:46,323 [INFO] PluginManager:220 - loadIPPluginJar : add sai
2023-04-07 10:43:46,346 [INFO] IPUIPlugin:80 - create IPUIPlugin
2023-04-07 10:43:46,346 [INFO] PluginManager:220 - loadIPPluginJar : add resmgrutility
2023-04-07 10:43:46,350 [INFO] IPUIPlugin:80 - create IPUIPlugin
2023-04-07 10:43:46,350 [INFO] PluginManager:220 - loadIPPluginJar : add stm32_wpan
2023-04-07 10:43:46,352 [INFO] IPUIPlugin:80 - create IPUIPlugin
2023-04-07 10:43:46,352 [INFO] PluginManager:220 - loadIPPluginJar : add gtzc
2023-04-07 10:43:46,353 [INFO] IPUIPlugin:80 - create IPUIPlugin
2023-04-07 10:43:46,353 [INFO] PluginManager:220 - loadIPPluginJar : add quadspi
2023-04-07 10:43:46,354 [INFO] IPUIPlugin:80 - create IPUIPlugin
2023-04-07 10:43:46,354 [INFO] PluginManager:220 - loadIPPluginJar : add genericplugin
2023-04-07 10:43:46,355 [INFO] IPUIPlugin:80 - create IPUIPlugin
2023-04-07 10:43:46,355 [INFO] PluginManager:220 - loadIPPluginJar : add tsc
2023-04-07 10:43:46,357 [INFO] IPUIPlugin:80 - create IPUIPlugin
2023-04-07 10:43:46,357 [INFO] PluginManager:220 - loadIPPluginJar : add touchsensing
2023-04-07 10:43:46,358 [INFO] IPUIPlugin:80 - create IPUIPlugin
2023-04-07 10:43:46,358 [INFO] PluginManager:220 - loadIPPluginJar : add i2s
2023-04-07 10:43:46,360 [INFO] IPUIPlugin:80 - create IPUIPlugin
2023-04-07 10:43:46,360 [INFO] PluginManager:220 - loadIPPluginJar : add i2c
2023-04-07 10:43:46,361 [INFO] IPUIPlugin:80 - create IPUIPlugin
2023-04-07 10:43:46,361 [INFO] PluginManager:220 - loadIPPluginJar : add comp
2023-04-07 10:43:46,371 [INFO] IPUIPlugin:80 - create IPUIPlugin
2023-04-07 10:43:46,371 [INFO] PluginManager:220 - loadIPPluginJar : add gpio
2023-04-07 10:43:46,376 [INFO] IPUIPlugin:80 - create IPUIPlugin
2023-04-07 10:43:46,378 [INFO] PluginManager:220 - loadIPPluginJar : add plateformsettings
2023-04-07 10:43:46,380 [INFO] IPUIPlugin:80 - create IPUIPlugin
2023-04-07 10:43:46,380 [INFO] PluginManager:220 - loadIPPluginJar : add tim
2023-04-07 10:43:46,385 [INFO] IPUIPlugin:80 - create IPUIPlugin
2023-04-07 10:43:46,385 [INFO] PluginManager:220 - loadIPPluginJar : add linkedlist
2023-04-07 10:43:46,387 [INFO] IPUIPlugin:80 - create IPUIPlugin
2023-04-07 10:43:46,387 [INFO] PluginManager:220 - loadIPPluginJar : add i3c
2023-04-07 10:43:46,391 [INFO] IPUIPlugin:80 - create IPUIPlugin
2023-04-07 10:43:46,391 [INFO] PluginManager:220 - loadIPPluginJar : add gic
2023-04-07 10:43:46,392 [INFO] IPUIPlugin:80 - create IPUIPlugin
2023-04-07 10:43:46,392 [INFO] PluginManager:220 - loadIPPluginJar : add ucpd
2023-04-07 10:43:46,401 [INFO] IPUIPlugin:80 - create IPUIPlugin
2023-04-07 10:43:46,401 [INFO] PluginManager:220 - loadIPPluginJar : add aes
2023-04-07 10:43:46,406 [INFO] IPUIPlugin:80 - create IPUIPlugin
2023-04-07 10:43:46,407 [INFO] PluginManager:220 - loadIPPluginJar : add openamp
2023-04-07 10:43:46,412 [INFO] IPUIPlugin:80 - create IPUIPlugin
2023-04-07 10:43:46,412 [INFO] PluginManager:220 - loadIPPluginJar : add freertos
2023-04-07 10:43:46,413 [INFO] IPUIPlugin:80 - create IPUIPlugin
2023-04-07 10:43:46,413 [INFO] PluginManager:220 - loadIPPluginJar : add ltdc
2023-04-07 10:43:46,418 [INFO] IPUIPlugin:80 - create IPUIPlugin
2023-04-07 10:43:46,418 [INFO] PluginManager:220 - loadIPPluginJar : add adc
2023-04-07 10:43:46,420 [INFO] IPUIPlugin:80 - create IPUIPlugin
2023-04-07 10:43:46,420 [INFO] PluginManager:220 - loadIPPluginJar : add usart
2023-04-07 10:43:46,421 [INFO] IPUIPlugin:80 - create IPUIPlugin
2023-04-07 10:43:46,421 [INFO] PluginManager:220 - loadIPPluginJar : add spi
2023-04-07 10:43:46,425 [INFO] IPUIPlugin:80 - create IPUIPlugin
2023-04-07 10:43:46,425 [INFO] PluginManager:220 - loadIPPluginJar : add fmc
2023-04-07 10:43:46,427 [INFO] IPUIPlugin:80 - create IPUIPlugin
2023-04-07 10:43:46,427 [INFO] PluginManager:220 - loadIPPluginJar : add lorawan
2023-04-07 10:43:46,444 [INFO] IPUIPlugin:80 - create IPUIPlugin
2023-04-07 10:43:46,444 [INFO] PluginManager:220 - loadIPPluginJar : add dma
2023-04-07 10:43:46,445 [INFO] IPUIPlugin:80 - create IPUIPlugin
2023-04-07 10:43:46,446 [INFO] PluginManager:220 - loadIPPluginJar : add dfsdm
2023-04-07 10:43:46,448 [INFO] IPUIPlugin:80 - create IPUIPlugin
2023-04-07 10:43:46,448 [INFO] PluginManager:220 - loadIPPluginJar : add nvic
2023-04-07 10:43:46,450 [INFO] IPUIPlugin:80 - create IPUIPlugin
2023-04-07 10:43:46,450 [INFO] PluginManager:220 - loadIPPluginJar : add gfxmmu
2023-04-07 10:43:46,451 [INFO] IPUIPlugin:80 - create IPUIPlugin
2023-04-07 10:43:46,452 [INFO] PluginManager:220 - loadIPPluginJar : add pdm2pcm
2023-04-07 10:43:46,452 [INFO] IPUIPlugin:80 - create IPUIPlugin
2023-04-07 10:43:46,452 [INFO] PluginManager:220 - loadIPPluginJar : add fatfs
2023-04-07 10:43:46,454 [INFO] IPUIPlugin:80 - create IPUIPlugin
2023-04-07 10:43:46,454 [INFO] PluginManager:220 - loadIPPluginJar : add hash
2023-04-07 10:43:46,470 [INFO] IPUIPlugin:80 - create IPUIPlugin
2023-04-07 10:43:46,470 [INFO] PluginManager:220 - loadIPPluginJar : add mdma
2023-04-07 10:43:46,472 [INFO] IPUIPlugin:80 - create IPUIPlugin
2023-04-07 10:43:46,472 [INFO] PluginManager:220 - loadIPPluginJar : add ts
2023-04-07 10:43:46,474 [INFO] IPUIPlugin:80 - create IPUIPlugin
2023-04-07 10:43:46,474 [INFO] PluginManager:220 - loadIPPluginJar : add dma3
2023-04-07 10:43:46,476 [INFO] IPUIPlugin:80 - create IPUIPlugin
2023-04-07 10:43:46,476 [INFO] PluginManager:220 - loadIPPluginJar : add usbx
2023-04-07 10:43:46,477 [INFO] IPUIPlugin:80 - create IPUIPlugin
2023-04-07 10:43:46,478 [INFO] PluginManager:220 - loadIPPluginJar : add cryp
2023-04-07 10:43:46,479 [INFO] IPUIPlugin:80 - create IPUIPlugin
2023-04-07 10:43:46,479 [INFO] PluginManager:220 - loadIPPluginJar : add can
2023-04-07 10:43:46,586 [INFO] CADModel:165 - CPN selected for project level
2023-04-07 10:43:46,586 [INFO] CADModel:114 - Register for checkConnection events
2023-04-07 10:43:46,587 [FATAL] Updater:308 - Updater called before beeing initialized
2023-04-07 10:43:46,587 [ERROR] CADModel:125 - Updater not yet initialized, retry later 
2023-04-07 10:43:46,900 [INFO] CADModel:165 - CPN selected for project level
2023-04-07 10:43:46,900 [INFO] CADModel:114 - Register for checkConnection events
2023-04-07 10:43:46,900 [FATAL] Updater:308 - Updater called before beeing initialized
2023-04-07 10:43:46,900 [ERROR] CADModel:125 - Updater not yet initialized, retry later 
2023-04-07 10:43:46,903 [FATAL] Updater:308 - Updater called before beeing initialized
2023-04-07 10:43:46,978 [FATAL] Updater:308 - Updater called before beeing initialized
2023-04-07 10:43:46,999 [INFO] DbMcusAds:53 - JSON generation date=Tue Mar 07 14:20:55 IST 2023 (1678179055335)
2023-04-07 10:43:46,999 [FATAL] Updater:308 - Updater called before beeing initialized
2023-04-07 10:43:47,163 [WARN] DetailPanel:346 - Failed to get advertising image, set to default
2023-04-07 10:43:47,254 [FATAL] Updater:308 - Updater called before beeing initialized
2023-04-07 10:43:47,264 [FATAL] Updater:308 - Updater called before beeing initialized
2023-04-07 10:43:47,264 [FATAL] Updater:308 - Updater called before beeing initialized
2023-04-07 10:43:47,264 [WARN] DetailPanel:346 - Failed to get advertising image, set to default
2023-04-07 10:43:47,264 [FATAL] Updater:308 - Updater called before beeing initialized
2023-04-07 10:43:47,319 [ERROR] Updater:1120 - MainUpdater not yet initialized. External WinMGr cannot be set.
2023-04-07 10:43:47,325 [INFO] Updater:1056 - Updater Version found : 6.8.0
2023-04-07 10:43:47,361 [INFO] ApplicationProperties:184 - Using Application install path: /opt/st/stm32cubeide_1.12.0/plugins/com.st.stm32cube.common.mx_6.8.0.202302231600
2023-04-07 10:43:48,419 [INFO] ThirdPartyUpdaterWithRetryManager:70 - Updater plugin not ready yet. [2/15]
2023-04-07 10:43:49,099 [ERROR] ConfigurationRetriever:142 - IOException on connection: connect timed out
2023-04-07 10:43:49,550 [WARN] ServerAccessManage:1168 - Warning during Server Connection :  timeout connect timed out
2023-04-07 10:43:51,420 [FATAL] Updater:308 - Updater called before beeing initialized
2023-04-07 10:43:51,421 [ERROR] IntegrityCheckThread:130 - Cannot retrieve database content from updater: error 21
2023-04-07 10:43:51,421 [INFO] ThirdParty:978 - Integrity check success = false
2023-04-07 10:43:51,422 [INFO] IntegrityCheckThread:100 - exiting critical section [integrity check]
2023-04-07 10:43:51,422 [INFO] IntegrityCheckThread:103 - End integrity checks thread
2023-04-07 10:43:51,555 [WARN] ServerAccessManage:1168 - Warning during Server Connection :  timeout connect timed out
2023-04-07 10:43:51,561 [INFO] MainUpdater:2854 - connection check result : 22
2023-04-07 10:43:51,563 [INFO] MainUpdater:283 - Updater Check For Update Now.
2023-04-07 10:43:51,563 [INFO] MicroXplorer:498 - Change Database Version : DB.6.0.80
2023-04-07 10:43:51,813 [INFO] CheckServerUpdateThread:120 - End of CheckServer Thread
2023-04-07 10:43:52,857 [WARN] ServerAccessManage:1168 - Warning during Server Connection :  timeout connect timed out
2023-04-07 10:43:53,861 [WARN] ServerAccessManage:1168 - Warning during Server Connection :  timeout connect timed out
2023-04-07 10:43:53,862 [INFO] MainUpdater:2854 - connection check result : 22
2023-04-07 10:43:54,103 [ERROR] ConfigurationRetriever:142 - IOException on connection: connect timed out
2023-04-07 10:43:59,109 [ERROR] ConfigurationRetriever:142 - IOException on connection: connect timed out
2023-04-07 10:44:03,498 [INFO] ApiDb:581 - Connected to CubeFinder SQLite database (/home/sanketh/.stmcufinder/plugins/mcufinder/mcu/cube-finder-db.db)
2023-04-07 10:44:03,697 [INFO] ApiDb:668 - CubeFinder database Data Model version=2.1
2023-04-07 10:44:03,698 [INFO] ApiDb:669 - CubeFinder database Configuration version=3.0.35
2023-04-07 10:44:03,698 [INFO] ApiDb:670 - CubeFinder database generation date=2023-03-10 (1678456172)
2023-04-07 10:44:03,699 [INFO] ApiDb:671 - CubeFinder database FW Pack versions=[FP-ATR-ASTRA1_V1.1.1, STM32Cube_FW_C0_V1.0.1, STM32Cube_FW_F0_V1.11.4, STM32Cube_FW_F3_V1.11.4, STM32Cube_FW_F4_V1.27.1, STM32Cube_FW_F7_V1.17.0, STM32Cube_FW_G0_V1.6.1, STM32Cube_FW_G4_V1.5.1, STM32Cube_FW_H5_V0.5.1, STM32Cube_FW_H5_V1.0.0, STM32Cube_FW_H7_V1.11.0, STM32Cube_FW_L0_V1.12.2, STM32Cube_FW_L5_V1.5.0, STM32Cube_FW_U5_V1.2.0, STM32Cube_FW_WBA_V1.0.0, STM32Cube_FW_WBA_V1.0.0RC1, STM32Cube_FW_WBA_V1.0.0RC3, STM32Cube_FW_WB_V1.15.0RC1, STM32Cube_FW_WB_V1.16.0, STM32Cube_FW_WB_V1.16.0RC2, STM32Cube_FW_WL_V1.3.0, X-CUBE-ALGOBUILD_V1.3.0, X-CUBE-ALS_V1.0.1, X-CUBE-AZRTOS-F4_V1.1.0, X-CUBE-AZRTOS-F7_V1.1.0, X-CUBE-AZRTOS-G0_V1.1.0, X-CUBE-AZRTOS-G4_V1.0.0, X-CUBE-AZRTOS-H7_V3.0.0, X-CUBE-AZRTOS-L4_V1.0.0, X-CUBE-AZRTOS-L5_V1.1.0, X-CUBE-AZRTOS-WB_V1.1.0, X-CUBE-AZRTOS-WL_V1.0.0, X-CUBE-BLE1_V6.2.4, X-CUBE-BLE2_V3.3.0, X-CUBE-BLEMGR_V1.3.0, X-CUBE-EEPRMA1_V4.1.0, X-CUBE-GNSS1_V6.0.0, X-CUBE-MEMS1_V9.1.0, X-CUBE-MEMS1_V9.4.0, X-CUBE-MEMS1_V9.5.0, X-CUBE-NFC4_V3.0.0, X-CUBE-NFC7_V1.0.0, X-CUBE-SFXS2LP1_V4.0.0, X-CUBE-SUBG2_V5.0.0]
2023-04-07 10:44:04,314 [INFO] DbBoardsSqlite:226 - include board P-NUCLEO-WB55-NUCLEO as a kit item of type 'Nucleo-64'
2023-04-07 10:44:04,314 [INFO] DbBoardsSqlite:226 - include board P-NUCLEO-WB55-USBDONGLE as a kit item of type 'Nucleo USB Dongle'
2023-04-07 10:44:04,326 [INFO] DbBoardsSqlite:226 - include board STEVAL-IDP005V1 as a kit item of type 'Evaluation Board'
2023-04-07 10:44:04,328 [INFO] DbBoardsSqlite:226 - include board STEVAL-IDP005V2 as a kit item of type 'Evaluation Board'
2023-04-07 10:44:04,898 [INFO] ApiDb:240 - Found 297 in-development CPN: [B-G473E-ZEST1S, B-WB1M-WPAN1, B-WL5M-SUBG1, NUCLEO-C031C6, NUCLEO-H503RB, NUCLEO-H563ZI, NUCLEO-U545RE-Q, NUCLEO-U5A5ZJ-Q, NUCLEO-WBA52CG, STEVAL-PROTEUS1, STEVAL-STWINBX1, STM320518-EVAL, STM32C0116-DK, STM32C011D6Y3TR, STM32C011D6Y6TR, STM32C011F4P3, STM32C011F4P6, STM32C011F4U3, STM32C011F4U6TR, STM32C011F6P3, STM32C011F6P6, STM32C011F6U3, STM32C011F6U6TR, STM32C011J4M3, STM32C011J4M6, STM32C011J6M3, STM32C011J6M6, STM32C0316-DK, STM32C031C4T3, STM32C031C4T6, STM32C031C4U3, STM32C031C4U6, STM32C031C6T3, STM32C031C6T6, STM32C031C6U3, STM32C031C6U6, STM32C031F4P3, STM32C031F4P6, STM32C031F6P3, STM32C031F6P6, STM32C031G4U3, STM32C031G4U6, STM32C031G6U3, STM32C031G6U6, STM32C031K4T3, STM32C031K4T6, STM32C031K4U3, STM32C031K4U6, STM32C031K6T3, STM32C031K6T6, STM32C031K6U3, STM32C031K6U6, STM32G071K8TXN, STM32G071K8UXN, STM32G081GBU6N, STM32G081KBT6N, STM32G081KBUXN, STM32G0B1CCT6N, STM32G0B1KCT6, STM32G0B1NEY6TR, STM32G0B1RCT6N, STM32G0C1CCT6, STM32G0C1CCT6N, STM32G0C1CCU6N, STM32G0C1CET6N, STM32G0C1CEU6N, STM32G0C1KCT6, STM32G0C1NEY6TR, STM32G0C1RCI6N, STM32G0C1RCT6N, STM32G0C1REI6N, STM32G0C1RET6N, STM32G0C1VCI6, STM32G0C1VEI6, STM32G471CCT6, STM32G471CCU6, STM32G471CET3, STM32G471CET6, STM32G471CEU3, STM32G471CEU6, STM32G471MCT6, STM32G471MET3, STM32G471MET6, STM32G471MEY6TR, STM32G471QCT6, STM32G471QET3, STM32G471RCT6, STM32G471RET3, STM32G471RET6, STM32G471VCH6, STM32G471VCI6, STM32G471VCT6, STM32G471VEH3, STM32G471VEH6, STM32G471VEI3, STM32G471VEI6, STM32G471VET3, STM32G471VET6, STM32G474CCT6, STM32H503CBT6, STM32H503CBU6, STM32H503EBY6TR, STM32H503KBU6, STM32H503RBT6, STM32H562AGI6, STM32H562AII6, STM32H562IGK6, STM32H562IGT6, STM32H562IIK6, STM32H562IIT6, STM32H562RGT6, STM32H562RGV6, STM32H562RIT6, STM32H562RIV6, STM32H562VGT6, STM32H562VIT6, STM32H562ZGT6, STM32H562ZIT6, STM32H563AGI6, STM32H563AII3Q, STM32H563AII6, STM32H563IGK6, STM32H563IGT6, STM32H563IIK3Q, STM32H563IIK6, STM32H563IIT3Q, STM32H563IIT6, STM32H563MIY3QTR, STM32H563RGT6, STM32H563RGV6, STM32H563RIT6, STM32H563RIV6, STM32H563VGT6, STM32H563VIT3Q, STM32H563VIT6, STM32H563ZGT6, STM32H563ZIT3Q, STM32H563ZIT6, STM32H573AII3Q, STM32H573AII6, STM32H573I-DK, STM32H573IIK3Q, STM32H573IIK6, STM32H573IIT3Q, STM32H573IIT6, STM32H573MIY3QTR, STM32H573RIT6, STM32H573RIV6, STM32H573VIT3Q, STM32H573VIT6, STM32H573ZIT3Q, STM32H573ZIT6, STM32L4R5QGI6STR, STM32MP131AAE3, STM32MP131AAF3, STM32MP131AAG3, STM32MP131CAE3, STM32MP131CAF3, STM32MP131CAG3, STM32MP131DAE7, STM32MP131DAF7, STM32MP131DAG7, STM32MP131FAE7, STM32MP131FAF7, STM32MP131FAG7, STM32MP133AAE3, STM32MP133AAF3, STM32MP133AAG3, STM32MP133CAE3, STM32MP133CAF3, STM32MP133CAG3, STM32MP133DAE7, STM32MP133DAF7, STM32MP133DAG7, STM32MP133FAE7, STM32MP133FAF7, STM32MP133FAG7, STM32MP135AAE3, STM32MP135AAF3, STM32MP135AAG3, STM32MP135CAE3, STM32MP135CAF3, STM32MP135CAG3, STM32MP135DAE7, STM32MP135DAF7, STM32MP135DAG7, STM32MP135F-DK, STM32MP135FAE7, STM32MP135FAF7, STM32MP135FAF7T, STM32MP135FAF7U, STM32MP135FAG7, STM32U535CBT6, STM32U535CBT6Q, STM32U535CBU6, STM32U535CBU6Q, STM32U535CCT6, STM32U535CCT6Q, STM32U535CCU6, STM32U535CCU6Q, STM32U535CET6, STM32U535CET6Q, STM32U535CEU6, STM32U535CEU6Q, STM32U535JEY6QTR, STM32U535NCY6QTR, STM32U535NEY6QTR, STM32U535RBI6, STM32U535RBI6Q, STM32U535RBT6, STM32U535RBT6Q, STM32U535RCI6, STM32U535RCI6Q, STM32U535RCT6, STM32U535RCT6Q, STM32U535REI6, STM32U535REI6Q, STM32U535RET6, STM32U535RET6Q, STM32U535VCI6, STM32U535VCI6Q, STM32U535VCT6, STM32U535VCT6Q, STM32U535VEI6, STM32U535VEI6Q, STM32U535VET6, STM32U535VET6Q, STM32U545CET6, STM32U545CET6Q, STM32U545CEU6, STM32U545CEU6Q, STM32U545JEY6QTR, STM32U545NEY6QTR, STM32U545REI6, STM32U545REI6Q, STM32U545RET6, STM32U545RET6Q, STM32U545VEI6, STM32U545VEI6Q, STM32U545VET6, STM32U545VET6Q, STM32U595AIH6, STM32U595AIH6Q, STM32U595AJH6, STM32U595AJH6Q, STM32U595QII6, STM32U595QII6Q, STM32U595QJI6, STM32U595QJI6Q, STM32U595RIT6, STM32U595RIT6Q, STM32U595RJT6, STM32U595RJT6Q, STM32U595VIT6, STM32U595VIT6Q, STM32U595VJT6, STM32U595VJT6Q, STM32U595ZIT6, STM32U595ZIT6Q, STM32U595ZIY6QTR, STM32U595ZJT6, STM32U595ZJT6Q, STM32U595ZJY6QTR, STM32U599BJY6QTR, STM32U599NIH6Q, STM32U599NJH6Q, STM32U599VIT6Q, STM32U599VJT6, STM32U599VJT6Q, STM32U599ZIT6Q, STM32U599ZIY6QTR, STM32U599ZJT6Q, STM32U599ZJY6QTR, STM32U5A5AJH6, STM32U5A5AJH6Q, STM32U5A5QJI6, STM32U5A5QJI6Q, STM32U5A5RJT6, STM32U5A5RJT6Q, STM32U5A5VJT6, STM32U5A5VJT6Q, STM32U5A5ZJT6, STM32U5A5ZJT6Q, STM32U5A5ZJY6QTR, STM32U5A9BJY6QTR, STM32U5A9J-DK, STM32U5A9NJH6Q, STM32U5A9VJT6Q, STM32U5A9ZJT6Q, STM32U5A9ZJY6QTR, STM32WB1MMCH6, STM32WBA52CEU6, STM32WBA52CEU6T, STM32WBA52CGU6, STM32WBA52CGU6T, STM32WL5MOCH6, STM32WL5MOCH6TR]
2023-04-07 10:44:05,004 [INFO] BoardInfo:880 - No configuration file found for board P-NUCLEO-WB55
2023-04-07 10:44:05,004 [INFO] DbBoards:157 - Kit is not supported: P-NUCLEO-WB55
2023-04-07 10:44:05,007 [INFO] BoardInfo:880 - No configuration file found for board STEVAL-BFA001V1B
2023-04-07 10:44:05,007 [INFO] DbBoards:157 - Kit is not supported: STEVAL-BFA001V1B
2023-04-07 10:44:05,008 [INFO] BoardInfo:880 - No configuration file found for board STEVAL-BFA001V2B
2023-04-07 10:44:05,008 [INFO] DbBoards:157 - Kit is not supported: STEVAL-BFA001V2B
2023-04-07 10:44:05,081 [INFO] DbBoards:161 - Found 187 boards, 184 are supported
2023-04-07 10:44:05,085 [INFO] ApiDb:668 - CubeFinder database Data Model version=2.1
2023-04-07 10:44:05,085 [INFO] ApiDb:669 - CubeFinder database Configuration version=3.0.35
2023-04-07 10:44:05,085 [INFO] ApiDb:670 - CubeFinder database generation date=2023-03-10 (1678456172)
2023-04-07 10:44:05,085 [INFO] ApiDb:671 - CubeFinder database FW Pack versions=[FP-ATR-ASTRA1_V1.1.1, STM32Cube_FW_C0_V1.0.1, STM32Cube_FW_F0_V1.11.4, STM32Cube_FW_F3_V1.11.4, STM32Cube_FW_F4_V1.27.1, STM32Cube_FW_F7_V1.17.0, STM32Cube_FW_G0_V1.6.1, STM32Cube_FW_G4_V1.5.1, STM32Cube_FW_H5_V0.5.1, STM32Cube_FW_H5_V1.0.0, STM32Cube_FW_H7_V1.11.0, STM32Cube_FW_L0_V1.12.2, STM32Cube_FW_L5_V1.5.0, STM32Cube_FW_U5_V1.2.0, STM32Cube_FW_WBA_V1.0.0, STM32Cube_FW_WBA_V1.0.0RC1, STM32Cube_FW_WBA_V1.0.0RC3, STM32Cube_FW_WB_V1.15.0RC1, STM32Cube_FW_WB_V1.16.0, STM32Cube_FW_WB_V1.16.0RC2, STM32Cube_FW_WL_V1.3.0, X-CUBE-ALGOBUILD_V1.3.0, X-CUBE-ALS_V1.0.1, X-CUBE-AZRTOS-F4_V1.1.0, X-CUBE-AZRTOS-F7_V1.1.0, X-CUBE-AZRTOS-G0_V1.1.0, X-CUBE-AZRTOS-G4_V1.0.0, X-CUBE-AZRTOS-H7_V3.0.0, X-CUBE-AZRTOS-L4_V1.0.0, X-CUBE-AZRTOS-L5_V1.1.0, X-CUBE-AZRTOS-WB_V1.1.0, X-CUBE-AZRTOS-WL_V1.0.0, X-CUBE-BLE1_V6.2.4, X-CUBE-BLE2_V3.3.0, X-CUBE-BLEMGR_V1.3.0, X-CUBE-EEPRMA1_V4.1.0, X-CUBE-GNSS1_V6.0.0, X-CUBE-MEMS1_V9.1.0, X-CUBE-MEMS1_V9.4.0, X-CUBE-MEMS1_V9.5.0, X-CUBE-NFC4_V3.0.0, X-CUBE-NFC7_V1.0.0, X-CUBE-SFXS2LP1_V4.0.0, X-CUBE-SUBG2_V5.0.0]
2023-04-07 10:44:06,824 [INFO] ApiDb:240 - Found 297 in-development CPN: [B-G473E-ZEST1S, B-WB1M-WPAN1, B-WL5M-SUBG1, NUCLEO-C031C6, NUCLEO-H503RB, NUCLEO-H563ZI, NUCLEO-U545RE-Q, NUCLEO-U5A5ZJ-Q, NUCLEO-WBA52CG, STEVAL-PROTEUS1, STEVAL-STWINBX1, STM320518-EVAL, STM32C0116-DK, STM32C011D6Y3TR, STM32C011D6Y6TR, STM32C011F4P3, STM32C011F4P6, STM32C011F4U3, STM32C011F4U6TR, STM32C011F6P3, STM32C011F6P6, STM32C011F6U3, STM32C011F6U6TR, STM32C011J4M3, STM32C011J4M6, STM32C011J6M3, STM32C011J6M6, STM32C0316-DK, STM32C031C4T3, STM32C031C4T6, STM32C031C4U3, STM32C031C4U6, STM32C031C6T3, STM32C031C6T6, STM32C031C6U3, STM32C031C6U6, STM32C031F4P3, STM32C031F4P6, STM32C031F6P3, STM32C031F6P6, STM32C031G4U3, STM32C031G4U6, STM32C031G6U3, STM32C031G6U6, STM32C031K4T3, STM32C031K4T6, STM32C031K4U3, STM32C031K4U6, STM32C031K6T3, STM32C031K6T6, STM32C031K6U3, STM32C031K6U6, STM32G071K8TXN, STM32G071K8UXN, STM32G081GBU6N, STM32G081KBT6N, STM32G081KBUXN, STM32G0B1CCT6N, STM32G0B1KCT6, STM32G0B1NEY6TR, STM32G0B1RCT6N, STM32G0C1CCT6, STM32G0C1CCT6N, STM32G0C1CCU6N, STM32G0C1CET6N, STM32G0C1CEU6N, STM32G0C1KCT6, STM32G0C1NEY6TR, STM32G0C1RCI6N, STM32G0C1RCT6N, STM32G0C1REI6N, STM32G0C1RET6N, STM32G0C1VCI6, STM32G0C1VEI6, STM32G471CCT6, STM32G471CCU6, STM32G471CET3, STM32G471CET6, STM32G471CEU3, STM32G471CEU6, STM32G471MCT6, STM32G471MET3, STM32G471MET6, STM32G471MEY6TR, STM32G471QCT6, STM32G471QET3, STM32G471RCT6, STM32G471RET3, STM32G471RET6, STM32G471VCH6, STM32G471VCI6, STM32G471VCT6, STM32G471VEH3, STM32G471VEH6, STM32G471VEI3, STM32G471VEI6, STM32G471VET3, STM32G471VET6, STM32G474CCT6, STM32H503CBT6, STM32H503CBU6, STM32H503EBY6TR, STM32H503KBU6, STM32H503RBT6, STM32H562AGI6, STM32H562AII6, STM32H562IGK6, STM32H562IGT6, STM32H562IIK6, STM32H562IIT6, STM32H562RGT6, STM32H562RGV6, STM32H562RIT6, STM32H562RIV6, STM32H562VGT6, STM32H562VIT6, STM32H562ZGT6, STM32H562ZIT6, STM32H563AGI6, STM32H563AII3Q, STM32H563AII6, STM32H563IGK6, STM32H563IGT6, STM32H563IIK3Q, STM32H563IIK6, STM32H563IIT3Q, STM32H563IIT6, STM32H563MIY3QTR, STM32H563RGT6, STM32H563RGV6, STM32H563RIT6, STM32H563RIV6, STM32H563VGT6, STM32H563VIT3Q, STM32H563VIT6, STM32H563ZGT6, STM32H563ZIT3Q, STM32H563ZIT6, STM32H573AII3Q, STM32H573AII6, STM32H573I-DK, STM32H573IIK3Q, STM32H573IIK6, STM32H573IIT3Q, STM32H573IIT6, STM32H573MIY3QTR, STM32H573RIT6, STM32H573RIV6, STM32H573VIT3Q, STM32H573VIT6, STM32H573ZIT3Q, STM32H573ZIT6, STM32L4R5QGI6STR, STM32MP131AAE3, STM32MP131AAF3, STM32MP131AAG3, STM32MP131CAE3, STM32MP131CAF3, STM32MP131CAG3, STM32MP131DAE7, STM32MP131DAF7, STM32MP131DAG7, STM32MP131FAE7, STM32MP131FAF7, STM32MP131FAG7, STM32MP133AAE3, STM32MP133AAF3, STM32MP133AAG3, STM32MP133CAE3, STM32MP133CAF3, STM32MP133CAG3, STM32MP133DAE7, STM32MP133DAF7, STM32MP133DAG7, STM32MP133FAE7, STM32MP133FAF7, STM32MP133FAG7, STM32MP135AAE3, STM32MP135AAF3, STM32MP135AAG3, STM32MP135CAE3, STM32MP135CAF3, STM32MP135CAG3, STM32MP135DAE7, STM32MP135DAF7, STM32MP135DAG7, STM32MP135F-DK, STM32MP135FAE7, STM32MP135FAF7, STM32MP135FAF7T, STM32MP135FAF7U, STM32MP135FAG7, STM32U535CBT6, STM32U535CBT6Q, STM32U535CBU6, STM32U535CBU6Q, STM32U535CCT6, STM32U535CCT6Q, STM32U535CCU6, STM32U535CCU6Q, STM32U535CET6, STM32U535CET6Q, STM32U535CEU6, STM32U535CEU6Q, STM32U535JEY6QTR, STM32U535NCY6QTR, STM32U535NEY6QTR, STM32U535RBI6, STM32U535RBI6Q, STM32U535RBT6, STM32U535RBT6Q, STM32U535RCI6, STM32U535RCI6Q, STM32U535RCT6, STM32U535RCT6Q, STM32U535REI6, STM32U535REI6Q, STM32U535RET6, STM32U535RET6Q, STM32U535VCI6, STM32U535VCI6Q, STM32U535VCT6, STM32U535VCT6Q, STM32U535VEI6, STM32U535VEI6Q, STM32U535VET6, STM32U535VET6Q, STM32U545CET6, STM32U545CET6Q, STM32U545CEU6, STM32U545CEU6Q, STM32U545JEY6QTR, STM32U545NEY6QTR, STM32U545REI6, STM32U545REI6Q, STM32U545RET6, STM32U545RET6Q, STM32U545VEI6, STM32U545VEI6Q, STM32U545VET6, STM32U545VET6Q, STM32U595AIH6, STM32U595AIH6Q, STM32U595AJH6, STM32U595AJH6Q, STM32U595QII6, STM32U595QII6Q, STM32U595QJI6, STM32U595QJI6Q, STM32U595RIT6, STM32U595RIT6Q, STM32U595RJT6, STM32U595RJT6Q, STM32U595VIT6, STM32U595VIT6Q, STM32U595VJT6, STM32U595VJT6Q, STM32U595ZIT6, STM32U595ZIT6Q, STM32U595ZIY6QTR, STM32U595ZJT6, STM32U595ZJT6Q, STM32U595ZJY6QTR, STM32U599BJY6QTR, STM32U599NIH6Q, STM32U599NJH6Q, STM32U599VIT6Q, STM32U599VJT6, STM32U599VJT6Q, STM32U599ZIT6Q, STM32U599ZIY6QTR, STM32U599ZJT6Q, STM32U599ZJY6QTR, STM32U5A5AJH6, STM32U5A5AJH6Q, STM32U5A5QJI6, STM32U5A5QJI6Q, STM32U5A5RJT6, STM32U5A5RJT6Q, STM32U5A5VJT6, STM32U5A5VJT6Q, STM32U5A5ZJT6, STM32U5A5ZJT6Q, STM32U5A5ZJY6QTR, STM32U5A9BJY6QTR, STM32U5A9J-DK, STM32U5A9NJH6Q, STM32U5A9VJT6Q, STM32U5A9ZJT6Q, STM32U5A9ZJY6QTR, STM32WB1MMCH6, STM32WBA52CEU6, STM32WBA52CEU6T, STM32WBA52CGU6, STM32WBA52CGU6T, STM32WL5MOCH6, STM32WL5MOCH6TR]
2023-04-07 10:44:06,827 [INFO] DbMcus:216 - Found 3775 MCUs, 3775 are supported
2023-04-07 10:44:06,837 [INFO] ApiDb:423 - Load user favorites file /home/sanketh/.stm32cubeide/favorites.mcus.txt: 0 item(s)
2023-04-07 10:44:06,837 [INFO] ApiDb:427 - User favorites MCUs=[]
2023-04-07 10:44:06,837 [INFO] DbMcus:222 - Set 0 / 0 favorites MCUs
2023-04-07 10:44:07,132 [INFO] ApiDb:423 - Load user favorites file /home/sanketh/.stm32cubeide/favorites.boards.txt: 1 item(s)
2023-04-07 10:44:07,132 [INFO] ApiDb:427 - User favorites Boards=[NUCLEO-F411RE]
2023-04-07 10:44:07,132 [INFO] DbBoards:190 - Set 1 / 1 favorites Boards
2023-04-07 10:44:07,132 [INFO] McuFinderGlobals:66 - Set McuFinderConnectedMode to false
2023-04-07 10:44:07,155 [INFO] MultiScanPanel:200 - Auto-refresh data requested => check proxy status ongoing
2023-04-07 10:44:07,156 [INFO] MultiScanPanel:204 - Proxy status is invalid
2023-04-07 10:44:07,161 [INFO] FinderPluginLoader:95 - Searching for filters in installed packs
2023-04-07 10:44:08,275 [INFO] DetailPanel:341 - Set advertising image to /home/sanketh/STM32Cube/Repository//en.prom-stm32h5-mcu-finder.jpg
2023-04-07 10:44:12,917 [INFO] MultiScanPanel:200 - Auto-refresh data requested => check proxy status ongoing
2023-04-07 10:44:12,917 [INFO] MultiScanPanel:204 - Proxy status is invalid
2023-04-07 10:44:13,037 [INFO] DetailPanel:341 - Set advertising image to /home/sanketh/STM32Cube/Repository//en.prom-stm32h5-mcu-finder.jpg
2023-04-07 10:45:55,185 [WARN] ServerAccessManage:1168 - Warning during Server Connection :  timeout connect timed out
2023-04-07 10:45:56,190 [WARN] ServerAccessManage:1168 - Warning during Server Connection :  timeout connect timed out
2023-04-07 10:45:56,191 [INFO] MainUpdater:2854 - connection check result : 22
2023-04-07 10:45:57,194 [WARN] ServerAccessManage:1168 - Warning during Server Connection :  timeout connect timed out
2023-04-07 10:45:58,199 [WARN] ServerAccessManage:1168 - Warning during Server Connection :  timeout connect timed out
2023-04-07 10:45:58,200 [INFO] MainUpdater:2854 - connection check result : 22
2023-04-07 10:46:02,834 [INFO] MicroXplorer:468 - Change Database Path : 
2023-04-07 10:46:02,834 [INFO] MicroXplorer:498 - Change Database Version : DB.6.0.80
2023-04-07 10:46:02,835 [WARN] ThirdParty:871 - waiting for thirdparty lock release [close project]
2023-04-07 10:46:02,835 [INFO] ThirdParty:873 - entering critical section [close project]
2023-04-07 10:46:02,836 [INFO] ThirdParty:883 - exiting critical section [close project]
2023-04-07 10:46:02,840 [INFO] PinOutPanel:1499 - setPackage(No Configuration,No Configuration)
2023-04-07 10:46:02,844 [INFO] UtilMem:75 - Begin LoadConfig() Used Memory: 238579808 Bytes (433061888)
2023-04-07 10:46:02,873 [INFO] OpenFileManager:308 - Change cursor
2023-04-07 10:46:02,897 [WARN] IntegrityCheckThread:84 - waiting for thirdparty lock release [integrity check]
2023-04-07 10:46:02,897 [INFO] IntegrityCheckThread:86 - entering critical section [integrity check]
2023-04-07 10:46:03,048 [WARN] PackLoader:240 - Cannot read IP mode file for STMicroelectronics.X-CUBE-GNSS1.6.0.0
2023-04-07 10:46:03,086 [WARN] PackLoader:240 - Cannot read IP mode file for STMicroelectronics.X-CUBE-AZRTOS-F4.1.1.0
2023-04-07 10:46:03,109 [WARN] PackLoader:240 - Cannot read IP mode file for wolfSSL.I-CUBE-wolfSSL.5.6.0
2023-04-07 10:46:03,122 [WARN] PackLoader:240 - Cannot read IP mode file for STMicroelectronics.X-CUBE-AZRTOS-F7.1.1.0
2023-04-07 10:46:03,139 [WARN] PackLoader:240 - Cannot read IP mode file for STMicroelectronics.X-CUBE-BLE1.6.2.4
2023-04-07 10:46:03,160 [WARN] PackLoader:240 - Cannot read IP mode file for emotas.I-CUBE-CANOPEN.1.1.3
2023-04-07 10:46:03,166 [WARN] PackLoader:240 - Cannot read IP mode file for STMicroelectronics.X-CUBE-BLEMGR.2.0.0
2023-04-07 10:46:03,172 [WARN] PackLoader:240 - Cannot read IP mode file for STMicroelectronics.X-CUBE-DISPLAY.3.0.0
2023-04-07 10:46:03,193 [WARN] PackLoader:240 - Cannot read IP mode file for STMicroelectronics.X-CUBE-NFC7.1.0.0
2023-04-07 10:46:03,200 [WARN] PackLoader:240 - Cannot read IP mode file for STMicroelectronics.X-CUBE-EEPRMA1.4.1.0
2023-04-07 10:46:03,207 [WARN] PackLoader:240 - Cannot read IP mode file for WES.I-CUBE-Cesium.1.3.0
2023-04-07 10:46:03,214 [WARN] PackLoader:240 - Cannot read IP mode file for STMicroelectronics.X-CUBE-SFXS2LP1.4.0.0
2023-04-07 10:46:03,219 [WARN] PackLoader:240 - Cannot read IP mode file for STMicroelectronics.X-CUBE-BLE2.3.3.0
2023-04-07 10:46:03,258 [WARN] PackLoader:240 - Cannot read IP mode file for STMicroelectronics.X-CUBE-AZRTOS-H7.3.0.0
2023-04-07 10:46:03,274 [WARN] PackLoader:240 - Cannot read IP mode file for STMicroelectronics.X-CUBE-ISPU.1.1.0
2023-04-07 10:46:03,283 [WARN] PackLoader:240 - Cannot read IP mode file for RoweBots.I-CUBE-UNISONRTOS.5.5.0-4
2023-04-07 10:46:03,287 [WARN] PackLoader:240 - Cannot read IP mode file for STMicroelectronics.X-CUBE-AI.8.0.0
2023-04-07 10:46:03,291 [WARN] PackLoader:240 - Cannot read IP mode file for STMicroelectronics.X-CUBE-FREERTOS.1.0.0
2023-04-07 10:46:03,299 [WARN] PackLoader:240 - Cannot read IP mode file for STMicroelectronics.X-CUBE-TOUCHGFX.4.21.3
2023-04-07 10:46:03,302 [WARN] PackLoader:240 - Cannot read IP mode file for STMicroelectronics.X-CUBE-ALGOBUILD.1.3.0
2023-04-07 10:46:03,329 [WARN] PackLoader:240 - Cannot read IP mode file for STMicroelectronics.X-CUBE-AZRTOS-L5.1.1.0
2023-04-07 10:46:03,346 [WARN] PackLoader:240 - Cannot read IP mode file for STMicroelectronics.X-CUBE-AZRTOS-G0.1.1.0
2023-04-07 10:46:03,365 [WARN] PackLoader:240 - Cannot read IP mode file for STMicroelectronics.X-CUBE-SUBG2.5.0.0
2023-04-07 10:46:03,373 [WARN] PackLoader:240 - Cannot read IP mode file for STMicroelectronics.X-CUBE-NFC4.3.0.0
2023-04-07 10:46:03,384 [WARN] PackLoader:240 - Cannot read IP mode file for STMicroelectronics.X-CUBE-TOF1.3.3.0
2023-04-07 10:46:03,403 [WARN] PackLoader:240 - Cannot read IP mode file for STMicroelectronics.FP-ATR-ASTRA1.1.1.1
2023-04-07 10:46:03,421 [WARN] PackLoader:240 - Cannot read IP mode file for STMicroelectronics.X-CUBE-AZRTOS-G4.1.0.0
2023-04-07 10:46:03,425 [WARN] PackLoader:240 - Cannot read IP mode file for STMicroelectronics.FP-ATR-SIGFOX1.3.2.0
2023-04-07 10:46:03,451 [WARN] PackLoader:240 - Cannot read IP mode file for STMicroelectronics.X-CUBE-AZRTOS-L4.1.0.0
2023-04-07 10:46:03,483 [WARN] PackLoader:240 - Cannot read IP mode file for STMicroelectronics.X-CUBE-AZRTOS-WL.1.0.0
2023-04-07 10:46:03,494 [WARN] PackLoader:240 - Cannot read IP mode file for portGmbH.I-Cube-SoM-uGOAL.1.1.0
2023-04-07 10:46:03,497 [WARN] PackLoader:240 - Cannot read IP mode file for STMicroelectronics.X-CUBE-ALS.1.0.1
2023-04-07 10:46:03,523 [WARN] PackLoader:240 - Cannot read IP mode file for STMicroelectronics.X-CUBE-MEMS1.9.5.0
2023-04-07 10:46:03,651 [WARN] PackLoader:240 - Cannot read IP mode file for STMicroelectronics.X-CUBE-AZRTOS-WB.1.1.0
2023-04-07 10:46:03,676 [WARN] PackLoader:240 - Cannot read IP mode file for SEGGER.I-CUBE-embOS.1.3.1
2023-04-07 10:46:03,702 [INFO] ThirdParty:978 - Integrity check success = true
2023-04-07 10:46:03,702 [INFO] IntegrityCheckThread:100 - exiting critical section [integrity check]
2023-04-07 10:46:03,702 [INFO] IntegrityCheckThread:103 - End integrity checks thread
2023-04-07 10:46:03,740 [INFO] ProjectFactory:402 - No CPN specified for board NUCLEO-F411RE => set CPN to STM32F411RET6
2023-04-07 10:46:03,742 [INFO] Mcu:1937 - Initializing MCU STM32F411R(C-E)Tx STM32F411RETx STM32F411RET6
2023-04-07 10:46:04,821 [INFO] Context:659 - Trying to add GPIOservice into a context  which must be forbidden
2023-04-07 10:46:05,071 [INFO] Rule:228 - rule 117617 - U5Cobra4M][GTZC] default value MPCBB3 and MPCBB5 - Not Secured memory - MPCBB1 is applicable
2023-04-07 10:46:05,071 [INFO] Rule:228 - rule 117617 - U5Cobra4M][GTZC] default value MPCBB3 and MPCBB5 - Not Secured memory - MPCBB1 is applicable
2023-04-07 10:46:05,071 [INFO] Rule:228 - rule 117617 - U5Cobra4M][GTZC] default value MPCBB3 and MPCBB5 - Not Secured memory - MPCBB2 is applicable
2023-04-07 10:46:05,071 [INFO] Rule:228 - rule 117617 - U5Cobra4M][GTZC] default value MPCBB3 and MPCBB5 - Not Secured memory - MPCBB2 is applicable
2023-04-07 10:46:05,071 [INFO] Rule:228 - rule 117617 - U5Cobra4M][GTZC] default value MPCBB3 and MPCBB5 - Not Secured memory - MPCBB3 is applicable
2023-04-07 10:46:05,071 [INFO] Rule:228 - rule 117617 - U5Cobra4M][GTZC] default value MPCBB3 and MPCBB5 - Not Secured memory - MPCBB3 is applicable
2023-04-07 10:46:05,071 [INFO] Rule:228 - rule 117617 - U5Cobra4M][GTZC] default value MPCBB3 and MPCBB5 - Not Secured memory - MPCBB4 is applicable
2023-04-07 10:46:05,071 [INFO] Rule:228 - rule 117617 - U5Cobra4M][GTZC] default value MPCBB3 and MPCBB5 - Not Secured memory - MPCBB4 is applicable
2023-04-07 10:46:05,071 [INFO] Rule:228 - rule 117617 - U5Cobra4M][GTZC] default value MPCBB3 and MPCBB5 - Secured memory - MPCBB1 is applicable
2023-04-07 10:46:05,071 [INFO] Rule:228 - rule 117617 - U5Cobra4M][GTZC] default value MPCBB3 and MPCBB5 - Secured memory - MPCBB2 is applicable
2023-04-07 10:46:05,071 [INFO] Rule:228 - rule 117617 - U5Cobra4M][GTZC] default value MPCBB3 and MPCBB5 - Secured memory - MPCBB3 is applicable
2023-04-07 10:46:05,071 [INFO] Rule:228 - rule 117617 - U5Cobra4M][GTZC] default value MPCBB3 and MPCBB5 - Secured memory - MPCBB4 is applicable
2023-04-07 10:46:05,071 [INFO] Rule:228 - rule 117617 - U5Cobra4M][GTZC] default value MPCBB3 and MPCBB5 - Privileged memory - MPCBB1 is applicable
2023-04-07 10:46:05,071 [INFO] Rule:228 - rule 117617 - U5Cobra4M][GTZC] default value MPCBB3 and MPCBB5 - Privileged memory - MPCBB2 is applicable
2023-04-07 10:46:05,071 [INFO] Rule:228 - rule 117617 - U5Cobra4M][GTZC] default value MPCBB3 and MPCBB5 - Privileged memory - MPCBB3 is applicable
2023-04-07 10:46:05,072 [INFO] Rule:228 - rule 117617 - U5Cobra4M][GTZC] default value MPCBB3 and MPCBB5 - Privileged memory - MPCBB4 is applicable
2023-04-07 10:46:05,072 [INFO] Rule:228 - rule 117617 - U5Cobra4M][GTZC] default value MPCBB3 and MPCBB5 - Not Privileged memory - MPCBB1 is applicable
2023-04-07 10:46:05,072 [INFO] Rule:228 - rule 117617 - U5Cobra4M][GTZC] default value MPCBB3 and MPCBB5 - Not Privileged memory - MPCBB2 is applicable
2023-04-07 10:46:05,072 [INFO] Rule:228 - rule 117617 - U5Cobra4M][GTZC] default value MPCBB3 and MPCBB5 - Not Privileged memory - MPCBB3 is applicable
2023-04-07 10:46:05,072 [INFO] Rule:228 - rule 117617 - U5Cobra4M][GTZC] default value MPCBB3 and MPCBB5 - Not Privileged memory - MPCBB4 is applicable
2023-04-07 10:46:05,072 [INFO] Rule:228 - rule 117617 - U5Cobra4M][GTZC] default value MPCBB3 and MPCBB5 - Privileged memory - MPCBB1 is applicable
2023-04-07 10:46:05,072 [INFO] Rule:228 - rule 117617 - U5Cobra4M][GTZC] default value MPCBB3 and MPCBB5 - Privileged memory - MPCBB2 is applicable
2023-04-07 10:46:05,072 [INFO] Rule:228 - rule 117617 - U5Cobra4M][GTZC] default value MPCBB3 and MPCBB5 - Privileged memory - MPCBB3 is applicable
2023-04-07 10:46:05,072 [INFO] Rule:228 - rule 117617 - U5Cobra4M][GTZC] default value MPCBB3 and MPCBB5 - Privileged memory - MPCBB4 is applicable
2023-04-07 10:46:05,072 [INFO] Rule:228 - rule 117617 - U5Cobra4M][GTZC] default value MPCBB3 and MPCBB5 - Privileged memory - MPCBB1 is applicable
2023-04-07 10:46:05,072 [INFO] Rule:228 - rule 117617 - U5Cobra4M][GTZC] default value MPCBB3 and MPCBB5 - Privileged memory - MPCBB2 is applicable
2023-04-07 10:46:05,072 [INFO] Rule:228 - rule 117617 - U5Cobra4M][GTZC] default value MPCBB3 and MPCBB5 - Privileged memory - MPCBB3 is applicable
2023-04-07 10:46:05,072 [INFO] Rule:228 - rule 117617 - U5Cobra4M][GTZC] default value MPCBB3 and MPCBB5 - Privileged memory - MPCBB4 is applicable
2023-04-07 10:46:05,072 [INFO] Rule:228 - rule 117617 - U5Cobra4M][GTZC] default value MPCBB3 and MPCBB5 - Not Privileged memory - MPCBB1 is applicable
2023-04-07 10:46:05,072 [INFO] Rule:228 - rule 117617 - U5Cobra4M][GTZC] default value MPCBB3 and MPCBB5 - Not Privileged memory - MPCBB2 is applicable
2023-04-07 10:46:05,072 [INFO] Rule:228 - rule 117617 - U5Cobra4M][GTZC] default value MPCBB3 and MPCBB5 - Not Privileged memory - MPCBB3 is applicable
2023-04-07 10:46:05,072 [INFO] Rule:228 - rule 117617 - U5Cobra4M][GTZC] default value MPCBB3 and MPCBB5 - Not Privileged memory - MPCBB4 is applicable
2023-04-07 10:46:05,072 [INFO] Rule:228 - rule 117617 - U5Cobra4M][GTZC] default value MPCBB3 and MPCBB5 - Privileged memory - MPCBB1 is applicable
2023-04-07 10:46:05,072 [INFO] Rule:228 - rule 117617 - U5Cobra4M][GTZC] default value MPCBB3 and MPCBB5 - Privileged memory - MPCBB2 is applicable
2023-04-07 10:46:05,072 [INFO] Rule:228 - rule 117617 - U5Cobra4M][GTZC] default value MPCBB3 and MPCBB5 - Privileged memory - MPCBB3 is applicable
2023-04-07 10:46:05,072 [INFO] Rule:228 - rule 117617 - U5Cobra4M][GTZC] default value MPCBB3 and MPCBB5 - Privileged memory - MPCBB4 is applicable
2023-04-07 10:46:05,072 [INFO] Rule:228 - rule Rename SubGHz_Phy SUBGHZ_APPLICATION SUBGHZ_PINGPONG to SUBGHZ_ADV_APPLICATION is applicable
2023-04-07 10:46:05,073 [INFO] Rule:228 - rule Rename Enabled to IBEACON is applicable
2023-04-07 10:46:05,073 [INFO] Rule:228 - rule GTZC_S instance for project manager is applicable
2023-04-07 10:46:05,073 [INFO] Rule:228 - rule GTZC_S instance for context M33S is applicable
2023-04-07 10:46:05,073 [INFO] Rule:228 - rule GTZC_S instance value for IP GTZC is applicable
2023-04-07 10:46:05,073 [INFO] Rule:228 - rule GTZC_S instance for mcu.IP is applicable
2023-04-07 10:46:05,073 [INFO] Rule:228 - rule GTZC_S instance for VP is applicable
2023-04-07 10:46:05,073 [INFO] Rule:228 - rule GTZC_S instance for signal is applicable
2023-04-07 10:46:05,073 [INFO] Rule:228 - rule GTZC_S instance for mcu.Pin is applicable
2023-04-07 10:46:05,073 [INFO] Rule:228 - rule GTZC_S instance for VP is applicable
2023-04-07 10:46:05,073 [INFO] Rule:228 - rule GTZC_S instance for signal is applicable
2023-04-07 10:46:05,073 [INFO] Rule:228 - rule GTZC_S instance for mcu is applicable
2023-04-07 10:46:05,073 [INFO] Rule:228 - rule GTZC_S instance for mcu.Pin is applicable
2023-04-07 10:46:05,073 [INFO] Rule:228 - rule GTZC_S instance value for IP GTZC is applicable
2023-04-07 10:46:05,073 [INFO] Rule:228 - rule GTZC_S instance for project manager is applicable
2023-04-07 10:46:05,073 [INFO] Rule:228 - rule GTZC_S instance for context M33S is applicable
2023-04-07 10:46:05,073 [INFO] Rule:228 - rule GTZC_S instance for VP is applicable
2023-04-07 10:46:05,073 [INFO] Rule:228 - rule GTZC_S instance for signal is applicable
2023-04-07 10:46:05,073 [INFO] Rule:228 - rule SPDIFRX instance for mcu is applicable
2023-04-07 10:46:05,073 [INFO] Rule:228 - rule Rename Tracer Mode is applicable
2023-04-07 10:46:05,073 [INFO] Rule:228 - rule SPDIFRX instance value for IP SPDIFRX is applicable
2023-04-07 10:46:05,073 [INFO] Rule:228 - rule SPDIFRX instance for signal is applicable
2023-04-07 10:46:05,073 [INFO] Rule:228 - rule SPDIFRX instance for project manager is applicable
2023-04-07 10:46:05,073 [INFO] Rule:228 - rule SPDIFRX instance for project manager is applicable
2023-04-07 10:46:05,074 [INFO] Rule:228 - rule ADC Scan  fix with FW F7 is applicable
2023-04-07 10:46:05,074 [INFO] Rule:228 - rule ADC Scan  fix with FW F7 is applicable
2023-04-07 10:46:05,074 [INFO] Rule:228 - rule WakeUp0 Mode is applicable
2023-04-07 10:46:05,074 [INFO] Rule:228 - rule WakeUp0 SIGNAL is applicable
2023-04-07 10:46:05,074 [INFO] Rule:228 - rule WakeUp1 Mode is applicable
2023-04-07 10:46:05,074 [INFO] Rule:228 - rule WakeUp1 SIGNAL is applicable
2023-04-07 10:46:05,074 [INFO] Rule:228 - rule WakeUp2 Mode is applicable
2023-04-07 10:46:05,074 [INFO] Rule:228 - rule WakeUp2 SIGNAL is applicable
2023-04-07 10:46:05,074 [INFO] Rule:228 - rule WakeUp4 Mode is applicable
2023-04-07 10:46:05,074 [INFO] Rule:228 - rule WakeUp4 SIGNAL is applicable
2023-04-07 10:46:05,074 [INFO] Rule:228 - rule WakeUp5 Mode is applicable
2023-04-07 10:46:05,074 [INFO] Rule:228 - rule WakeUp5 SIGNAL is applicable
2023-04-07 10:46:05,074 [INFO] Rule:228 - rule Add RTC Activate Clock Source is applicable
2023-04-07 10:46:05,074 [INFO] Rule:228 - rule Add RTC Activate Calendar 1 is applicable
2023-04-07 10:46:05,074 [INFO] Rule:228 - rule Add RTC Activate Calendar 2 is applicable
2023-04-07 10:46:05,074 [INFO] Rule:228 - rule Add RTC Activate Calendar 3 is applicable
2023-04-07 10:46:05,074 [INFO] Rule:228 - rule UART/USART TX Mode is applicable
2023-04-07 10:46:05,074 [INFO] Rule:228 - rule UART/USART RX Mode is applicable
2023-04-07 10:46:05,074 [INFO] Rule:228 - rule UART/USART RX TX Mode is applicable
2023-04-07 10:46:05,074 [INFO] Rule:228 - rule UART/USART PARITY NONE is applicable
2023-04-07 10:46:05,075 [INFO] Rule:228 - rule UART/USART PARITY EVEN is applicable
2023-04-07 10:46:05,075 [INFO] Rule:228 - rule UART/USART PARITY ODD is applicable
2023-04-07 10:46:05,075 [INFO] Rule:228 - rule USART StopBits 1 is applicable
2023-04-07 10:46:05,075 [INFO] Rule:228 - rule USART StopBits 2 is applicable
2023-04-07 10:46:05,075 [INFO] Rule:228 - rule USART StopBits 1.5 is applicable
2023-04-07 10:46:05,075 [INFO] Rule:228 - rule USART StopBits 0.5 is applicable
2023-04-07 10:46:05,075 [INFO] Rule:228 - rule UART/USART WORD LENGTH 7 is applicable
2023-04-07 10:46:05,075 [INFO] Rule:228 - rule UART/USART WORD LENGTH 8 is applicable
2023-04-07 10:46:05,075 [INFO] Rule:228 - rule UART/USART WORD LENGTH 9 is applicable
2023-04-07 10:46:05,075 [INFO] Rule:228 - rule Rename FMC NAND NCE signal is applicable
2023-04-07 10:46:05,075 [INFO] Rule:228 - rule Rename FMC NAND INT signal is applicable
2023-04-07 10:46:05,075 [INFO] Rule:228 - rule Change Default Value for LSE Drive Capability for WB family is applicable
2023-04-07 10:46:05,075 [INFO] Rule:228 - rule Change Default Value for ADC Clock Prescaler G0 family is applicable
2023-04-07 10:46:05,075 [INFO] Rule:228 - rule Change Default Value for ADC ExternalTrigConv L4 family is applicable
2023-04-07 10:46:05,075 [INFO] Rule:228 - rule Change Default Value for ADC ExternalTrigInjecConv L4 family is applicable
2023-04-07 10:46:05,075 [INFO] Rule:228 - rule Change Default Value for ADC ExternalTrigConv F3 family is applicable
2023-04-07 10:46:05,075 [INFO] Rule:228 - rule Change Default Value for ADC ExternalTrigInjecConv F3 family is applicable
2023-04-07 10:46:05,076 [INFO] Rule:228 - rule Change Default Value for ADC ExternalTrigConv Goldfish serie is applicable
2023-04-07 10:46:05,076 [INFO] Rule:228 - rule Change Default Value for ADC ExternalTrigInjecConv Goldfish serie is applicable
2023-04-07 10:46:05,076 [INFO] Rule:228 - rule Change Default Value for ADC ExternalTrigConv L0 family is applicable
2023-04-07 10:46:05,076 [INFO] Rule:228 - rule Change Default Value for ADC ExternalTrigConv F0 family is applicable
2023-04-07 10:46:05,076 [INFO] Rule:228 - rule Change Default Value for ADC ExternalTrigConvn L1 family is applicable
2023-04-07 10:46:05,076 [INFO] Rule:228 - rule Change Default Value for ADC ExternalTrigInjecConv L1 family is applicable
2023-04-07 10:46:05,076 [INFO] Rule:228 - rule Change Default Value for ADC ExternalTrigConv F1 family is applicable
2023-04-07 10:46:05,076 [INFO] Rule:228 - rule Change Default Value for ADC ExternalTrigInjecConv F1 family is applicable
2023-04-07 10:46:05,076 [INFO] Rule:228 - rule Change Default Value for ADC ExternalTrigConv F7 family is applicable
2023-04-07 10:46:05,076 [INFO] Rule:228 - rule Change Default Value for ADC ExternalTrigInjecConv F7 family is applicable
2023-04-07 10:46:05,076 [INFO] Rule:228 - rule Change Default Value for ADC ExternalTrigConv F4 and F2 family is applicable
2023-04-07 10:46:05,076 [INFO] Rule:228 - rule Change Default Value for ADC ExternalTrigInjecConv F4 and F2 family is applicable
2023-04-07 10:46:05,076 [INFO] Rule:228 - rule ADC SamplingTime fix with FW L0  is applicable
2023-04-07 10:46:05,076 [INFO] Rule:228 - rule ADC SamplingTime fix with FW L0  is applicable
2023-04-07 10:46:05,076 [INFO] Rule:228 - rule ADC SamplingTime fix with FW L0 is applicable
2023-04-07 10:46:05,076 [INFO] Rule:228 - rule ADC SamplingTime fix with FW L0 is applicable
2023-04-07 10:46:05,076 [INFO] Rule:228 - rule ADC SamplingTime fix with FW L0  is applicable
2023-04-07 10:46:05,076 [INFO] Rule:228 - rule ADC SamplingTime fix with FW L0 is applicable
2023-04-07 10:46:05,076 [INFO] Rule:228 - rule Rename USB_OE Signal is applicable
2023-04-07 10:46:05,076 [INFO] Rule:228 - rule Rename Activate_OE Mode is applicable
2023-04-07 10:46:05,076 [INFO] Rule:228 - rule Rename DIE462/DIE415 pin PC14/OSC32_IN -> PC14-OSC32_IN (PC14) is applicable
2023-04-07 10:46:05,076 [INFO] Rule:228 - rule Rename DIE462/DIE415 pin PC15/OSC32_OUT -> PC15-OSC32_OUT (PC15) is applicable
2023-04-07 10:46:05,077 [INFO] Rule:228 - rule Rename DIE462/DIE415 pin PH0/OSC_IN -> PH0-OSC_IN (PH0) is applicable
2023-04-07 10:46:05,077 [INFO] Rule:228 - rule Rename DIE462/DIE415 pin PH1/OSC_OUT -> PH1-OSC_OUT (PH1) is applicable
2023-04-07 10:46:05,077 [INFO] Rule:228 - rule Rename DIE462 pin PA13 -> PA13 (JTMS/SWDIO) is applicable
2023-04-07 10:46:05,077 [INFO] Rule:228 - rule Rename DIE415 pin PA13 -> PA13 (JTMS/SWDIO) is applicable
2023-04-07 10:46:05,077 [INFO] Rule:228 - rule Rename DIE462 pin PA14 -> PA14 (JTCK/SWCLK) is applicable
2023-04-07 10:46:05,077 [INFO] Rule:228 - rule Rename DIE415 pin PA14 -> PA14 (JTCK/SWCLK) is applicable
2023-04-07 10:46:05,077 [INFO] Rule:228 - rule Rename DIE462/DIE415 pin PA15 -> PA15 (JTDI) is applicable
2023-04-07 10:46:05,077 [INFO] Rule:228 - rule Rename DIE462 pin PB3 -> PB3 (JTD0/TRACESWO) is applicable
2023-04-07 10:46:05,077 [INFO] Rule:228 - rule Rename DIE415 pin PB3 -> PB3 (JTD0-TRACESWO) is applicable
2023-04-07 10:46:05,077 [INFO] Rule:228 - rule Rename DIE462/DIE415 pin PB4 -> PB4 (NJTRST) is applicable
2023-04-07 10:46:05,077 [INFO] Rule:228 - rule Rename DIE462 pin PH3/BOOT0 -> PH3-BOOT0 (BOOT0) is applicable
2023-04-07 10:46:05,077 [INFO] Rule:228 - rule Rename CRYP DataEncryptionTypesList to Algorithm is applicable
2023-04-07 10:46:05,077 [INFO] Rule:228 - rule Rename AES DataEncryptionTypesList to Algorithm is applicable
2023-04-07 10:46:05,077 [INFO] Rule:228 - rule Rename TDESECB to CRYP_TDES_ECB is applicable
2023-04-07 10:46:05,077 [INFO] Rule:228 - rule Rename TDESCBC to CRYP_TDES_CBC is applicable
2023-04-07 10:46:05,077 [INFO] Rule:228 - rule Rename DESECB to CRYP_DES_ECB is applicable
2023-04-07 10:46:05,077 [INFO] Rule:228 - rule Rename DESCBC to CRYP_DES_CBC is applicable
2023-04-07 10:46:05,077 [INFO] Rule:228 - rule Rename AESECB to CRYP_AES_ECB is applicable
2023-04-07 10:46:05,077 [INFO] Rule:228 - rule Rename AESCBC to CRYP_AES_CBC is applicable
2023-04-07 10:46:05,077 [INFO] Rule:228 - rule Rename AESCTR to CRYP_AES_CTR is applicable
2023-04-07 10:46:05,077 [INFO] Rule:228 - rule Rename AESGCM to CRYP_AES_GCM is applicable
2023-04-07 10:46:05,077 [INFO] Rule:228 - rule Rename AESCCM to CRYP_AES_CCM is applicable
2023-04-07 10:46:05,077 [INFO] Rule:228 - rule Rename CAN TimeSeg1 to BS1 is applicable
2023-04-07 10:46:05,078 [INFO] Rule:228 - rule Rename CAN TimeSeg2 to BS2 is applicable
2023-04-07 10:46:05,078 [INFO] Rule:228 - rule Rename CAN SyncJumpWidth to SJW is applicable
2023-04-07 10:46:05,078 [INFO] Rule:228 - rule TimeTriggeredMode to TTCM is applicable
2023-04-07 10:46:05,078 [INFO] Rule:228 - rule Rename CAN AutoBusOff to ABOM is applicable
2023-04-07 10:46:05,078 [INFO] Rule:228 - rule Rename CAN AutoWakeUp to AWUM is applicable
2023-04-07 10:46:05,078 [INFO] Rule:228 - rule Rename CAN AutoRetransmission to NART is applicable
2023-04-07 10:46:05,078 [INFO] Rule:228 - rule Rename CAN ReceiveFifoLocked to RFLM is applicable
2023-04-07 10:46:05,078 [INFO] Rule:228 - rule Rename CAN TransmitFifoPriority to TXFP is applicable
2023-04-07 10:46:05,078 [INFO] Rule:228 - rule Rename HRTIMER HRTIM_OUTPUTFAULTLEVEL_HIGH in HRTIMER HRTIM_OUTPUTFAULTLEVEL_HIGHZ is applicable
2023-04-07 10:46:05,078 [INFO] Rule:228 - rule Rename TIMER TIM_CLEARINPUTSOURCE_OCREFCLR in  TIMER TIM_CLEARINPUTSOURCE_NONE for F7 family is applicable
2023-04-07 10:46:05,078 [INFO] Rule:228 - rule FDCAN_R1 - Rename FDCAN mode Master into Classic is applicable
2023-04-07 10:46:05,078 [INFO] Rule:228 - rule FDCAN_R2 - Rename FDCAN mode Slave into Classic is applicable
2023-04-07 10:46:05,078 [INFO] Rule:228 - rule FDCAN1_R3 - if PA10.Mode=FullDuplex, add Pin PA12 is applicable
2023-04-07 10:46:05,078 [INFO] Rule:228 - rule FDCAN1_R3 - if PA9.Mode=FullDuplex, add Pin PA11 is applicable
2023-04-07 10:46:05,078 [INFO] Rule:228 - rule FDCAN1_R3 - Alternatepin_1 - if PE1.Mode=FullDuplex, add Pin PB9 is applicable
2023-04-07 10:46:05,078 [INFO] Rule:228 - rule FDCAN1_R3 - Alternatepin_1 - if PE0.Mode=FullDuplex, add Pin PB8 is applicable
2023-04-07 10:46:05,078 [INFO] Rule:228 - rule FDCAN1_R3 - Alternatepin_2 - if PD5.Mode=FullDuplex, add Pin PD1 is applicable
2023-04-07 10:46:05,078 [INFO] Rule:228 - rule FDCAN1_R3 - Alternatepin_2 - if PD4.Mode=FullDuplex, add Pin PD0 is applicable
2023-04-07 10:46:05,078 [INFO] Rule:228 - rule FDCAN1_R4 - Rename Mode FullDuplex into Enable FDCAN_TXFD for pin PA10 is applicable
2023-04-07 10:46:05,078 [INFO] Rule:228 - rule FDCAN1_R4 - Rename Mode FullDuplex into Enable FDCAN_TXFD for pin PA9 is applicable
2023-04-07 10:46:05,078 [INFO] Rule:228 - rule FDCAN1_R4 - Alternatepin_1 - Rename Mode FullDuplex into Enable FDCAN_TXFD for pin PE1 is applicable
2023-04-07 10:46:05,078 [INFO] Rule:228 - rule FDCAN1_R4 - Alternatepin_1 - Rename Mode FullDuplex into Enable FDCAN_TXFD for pin PE0 is applicable
2023-04-07 10:46:05,079 [INFO] Rule:228 - rule FDCAN1_R4 - Alternatepin_2 - Rename Mode FullDuplex into Enable FDCAN_TXFD for pin PD5 is applicable
2023-04-07 10:46:05,079 [INFO] Rule:228 - rule FDCAN1_R4 - Alternatepin_2 - Rename Mode FullDuplex into Enable FDCAN_TXFD for pin PD4 is applicable
2023-04-07 10:46:05,079 [INFO] Rule:228 - rule FDCAN2_R3 - if PD10.Mode=FullDuplex, add Pin PB13 is applicable
2023-04-07 10:46:05,079 [INFO] Rule:228 - rule FDCAN2_R3 - if PD9.Mode=FullDuplex, add Pin PB12 is applicable
2023-04-07 10:46:05,079 [INFO] Rule:228 - rule FDCAN2_R3 - Alternatepin_1 - if PB7.Mode=FullDuplex, add Pin PB6 is applicable
2023-04-07 10:46:05,079 [INFO] Rule:228 - rule FDCAN2_R3 - Alternatepin_1 - if PD9.Mode=FullDuplex, add Pin PB12 is applicable
2023-04-07 10:46:05,079 [INFO] Rule:228 - rule FDCAN2_R4 - Rename Mode FullDuplex into Enable FDCAN_TXFD for pin PD10 is applicable
2023-04-07 10:46:05,079 [INFO] Rule:228 - rule FDCAN2_R4 - Rename Mode FullDuplex into Enable FDCAN_TXFD for pin PD9 is applicable
2023-04-07 10:46:05,079 [INFO] Rule:228 - rule FDCAN2_R4 - Alternatepin_1 - Rename Mode FullDuplex into Enable FDCAN_TXFD for pin PB7 is applicable
2023-04-07 10:46:05,079 [INFO] Rule:228 - rule FDCAN2_R4 - Alternatepin_1 - Rename Mode FullDuplex into Enable FDCAN_TXFD for pin PD6 is applicable
2023-04-07 10:46:05,079 [INFO] Rule:228 - rule USART TxPinLevelInvertParam Mode is applicable
2023-04-07 10:46:05,079 [INFO] Rule:228 - rule USART RxPinLevelInvertParam Mode is applicable
2023-04-07 10:46:05,079 [INFO] Rule:228 - rule USART DataInvertParam Mode is applicable
2023-04-07 10:46:05,079 [INFO] Rule:228 - rule USART SwapParam Mode is applicable
2023-04-07 10:46:05,079 [INFO] Rule:228 - rule USART OverrunDisableParam Mode is applicable
2023-04-07 10:46:05,079 [INFO] Rule:228 - rule USART DMADisableonRxErrorParam Mode is applicable
2023-04-07 10:46:05,079 [INFO] Rule:228 - rule USART MSBFirstParam Mode is applicable
2023-04-07 10:46:05,079 [INFO] Rule:228 - rule Update MwName for USB_DEVICE is applicable
2023-04-07 10:46:05,079 [INFO] Rule:228 - rule Change PWR_Regulator_Voltage_Scale Default Value for RCC  H7 family is applicable
2023-04-07 10:46:05,079 [INFO] Rule:228 - rule UART/USART IPParameter rename Prescaler parameter to ClockPrescaler is applicable
2023-04-07 10:46:05,079 [INFO] Rule:228 - rule UART/USART Prescaler rename Prescaler parameter to ClockPrescaler is applicable
2023-04-07 10:46:05,079 [INFO] Rule:228 - rule TIM1CLockSelection is applicable
2023-04-07 10:46:05,080 [INFO] Rule:228 - rule TIM15CLockSelection is applicable
2023-04-07 10:46:05,080 [INFO] Rule:228 - rule align RCC SDMMC3CLockSelection default value on MP1 is applicable
2023-04-07 10:46:05,080 [INFO] Rule:228 - rule align RCC SDMMC12CLockSelection default value on MP1 is applicable
2023-04-07 10:46:05,080 [INFO] Rule:228 - rule align RCC QSPICLockSelection default value on MP1 is applicable
2023-04-07 10:46:05,080 [INFO] Rule:228 - rule align RCC QSPICLockSelection default value on MP1 is applicable
2023-04-07 10:46:05,080 [INFO] Rule:228 - rule align RCC SPI6CLockSelection default value on MP1 is applicable
2023-04-07 10:46:05,080 [INFO] Rule:228 - rule align RCC LPTIM23CLockSelection default value on MP1 is applicable
2023-04-07 10:46:05,080 [INFO] Rule:228 - rule align RCC LPTIM1CLockSelection default value on MP1 is applicable
2023-04-07 10:46:05,080 [INFO] Rule:228 - rule align RCC USART1CLockSelection default value on MP1 is applicable
2023-04-07 10:46:05,080 [INFO] Rule:228 - rule align RCC USART24CLockSelection default value on MP1 is applicable
2023-04-07 10:46:05,080 [INFO] Rule:228 - rule align RCC USART6CLockSelection default value on MP1 is applicable
2023-04-07 10:46:05,080 [INFO] Rule:228 - rule align RCC UART78CLockSelection default value on MP1 is applicable
2023-04-07 10:46:05,080 [INFO] Rule:228 - rule align RCC USART35CLockSelection default value on MP1 is applicable
2023-04-07 10:46:05,080 [INFO] Rule:228 - rule align RCC SPI45CLockSelection default value on MP1 is applicable
2023-04-07 10:46:05,080 [INFO] Rule:228 - rule align RCC I2C46CLockSelection BCLK value on MP1 is applicable
2023-04-07 10:46:05,080 [INFO] Rule:228 - rule align RCC SPI45CLockSelection default value on MP1 is applicable
2023-04-07 10:46:05,080 [INFO] Rule:228 - rule align RCC I2C12CLockSelection default value on MP1 is applicable
2023-04-07 10:46:05,080 [INFO] Rule:228 - rule align RCC I2C35CLockSelection default value on MP1 is applicable
2023-04-07 10:46:05,080 [INFO] Rule:228 - rule align RCC LPTIM45CLockSelection default value on MP1 is applicable
2023-04-07 10:46:05,080 [INFO] Rule:228 - rule Rename DCMI PIXCK signal is applicable
2023-04-07 10:46:05,080 [INFO] Rule:228 - rule Change Default Value for I2C46CLockSelection MP1 family is applicable
2023-04-07 10:46:05,080 [INFO] Rule:228 - rule Change Default Value for UART for G4, G0 and WB families is applicable
2023-04-07 10:46:05,080 [INFO] Rule:228 - rule Change Default Value for USART for G4, G0 and WB families is applicable
2023-04-07 10:46:05,080 [INFO] Rule:228 - rule Change Default Value for USART for G4 family is applicable
2023-04-07 10:46:05,081 [INFO] Rule:228 - rule Change USART1CLockSelection refparam name for MP1 is applicable
2023-04-07 10:46:05,081 [INFO] Rule:228 - rule Change USART2CLockSelection refparam name for MP1 is applicable
2023-04-07 10:46:05,081 [INFO] Rule:228 - rule Change USART3CLockSelection refparam name for MP1 is applicable
2023-04-07 10:46:05,081 [INFO] Rule:228 - rule Change UART4CLockSelection refparam name for MP1 is applicable
2023-04-07 10:46:05,081 [INFO] Rule:228 - rule Change UART5CLockSelection refparam name for MP1 is applicable
2023-04-07 10:46:05,081 [INFO] Rule:228 - rule Change LPUART1CLockSelection refparam name for MP1 is applicable
2023-04-07 10:46:05,081 [INFO] Rule:228 - rule Change LPTIM1CLockSelection refparam name for MP1 is applicable
2023-04-07 10:46:05,081 [INFO] Rule:228 - rule Change LPTIM2CLockSelection refparam name for MP1 is applicable
2023-04-07 10:46:05,081 [INFO] Rule:228 - rule Change RCC_MCO1Source refparam name for MP1 is applicable
2023-04-07 10:46:05,081 [INFO] Rule:228 - rule Change LSCOSource1 refparam name for MP1 is applicable
2023-04-07 10:46:05,081 [INFO] Rule:228 - rule Change SMPSCLockSelection refparam name for MP1 is applicable
2023-04-07 10:46:05,081 [INFO] Rule:228 - rule Change LPTIM3CLockSelection refparam name for MP1 is applicable
2023-04-07 10:46:05,081 [INFO] Rule:228 - rule Change MPCBB* Default Template Mode to Parameters is applicable
2023-04-07 10:46:05,081 [INFO] Rule:228 - rule Change MPCWM* or MPCBB* Secure Mode to Parameters is applicable
2023-04-07 10:46:05,081 [INFO] Rule:228 - rule Change MPCWM* or MPCBB* No Secure Mode to Parameters is applicable
2023-04-07 10:46:05,081 [INFO] Rule:228 - rule Change TZSC IP Secure Mode to Parameters is applicable
2023-04-07 10:46:05,082 [INFO] Rule:228 - rule Change TZSC IP No Secure Mode to Parameters is applicable
2023-04-07 10:46:05,082 [INFO] Rule:228 - rule Change TZSC IP Privilege Mode to Parameters is applicable
2023-04-07 10:46:05,082 [INFO] Rule:228 - rule Change TZSC IP No Privilege Mode to Parameters is applicable
2023-04-07 10:46:05,082 [INFO] Rule:228 - rule Change TZIC IT Secure Mode to Parameters is applicable
2023-04-07 10:46:05,082 [INFO] Rule:228 - rule Change TZIC IT No Secure Mode to Parameters is applicable
2023-04-07 10:46:05,082 [INFO] Rule:228 - rule Add MPCBB1_NonSecureArea_Start_Address value with referenced to MPCBB1_NonSecureArea_Start value is applicable
2023-04-07 10:46:05,082 [INFO] Rule:228 - rule Add MPCBB2_NonSecureArea_Start_Address value with referenced to MPCBB2_NonSecureArea_Start value is applicable
2023-04-07 10:46:05,082 [INFO] Rule:228 - rule Add MPCWM1_NonSecureArea*_Start_Address value with referenced to MPCWM1_NonSecureArea*_Start value is applicable
2023-04-07 10:46:05,082 [INFO] Rule:228 - rule Add MPCWM2_NonSecureArea*_Start_Address value with referenced to MPCWM2_NonSecureArea*_Start value is applicable
2023-04-07 10:46:05,082 [INFO] Rule:228 - rule Add MPCWM3_NonSecureArea_Start_Address value with referenced to MPCWM3_NonSecureArea_Start value is applicable
2023-04-07 10:46:05,082 [INFO] Rule:228 - rule Change Default Value for PLL1UserDefinedConfig is applicable
2023-04-07 10:46:05,082 [INFO] Rule:228 - rule Change GPIO_PuPd Default Value for USART in async mode is applicable
2023-04-07 10:46:05,082 [INFO] Rule:228 - rule Change SMPSDivider Default Value is applicable
2023-04-07 10:46:05,082 [INFO] Rule:228 - rule OPAMP is applicable
2023-04-07 10:46:05,082 [INFO] Rule:228 - rule LPUART IPParameter rename Prescaler parameter to ClockPrescaler for STM32H7 is applicable
2023-04-07 10:46:05,082 [INFO] Rule:228 - rule LPUART IPParameter rename Prescaler parameter to ClockPrescaler for STM32H7 is applicable
2023-04-07 10:46:05,082 [INFO] Rule:228 - rule LPUART IPParameter rename Prescaler parameter to ClockPrescaler for STM32WB is applicable
2023-04-07 10:46:05,082 [INFO] Rule:228 - rule LPUART IPParameter rename Prescaler parameter to ClockPrescaler for STM32WB is applicable
2023-04-07 10:46:05,082 [INFO] Rule:228 - rule LPUART IPParameter rename Prescaler parameter to ClockPrescaler for STM32G4 is applicable
2023-04-07 10:46:05,082 [INFO] Rule:228 - rule LPUART IPParameter rename Prescaler parameter to ClockPrescaler for STM32G4 is applicable
2023-04-07 10:46:05,083 [INFO] Rule:228 - rule LPUART IPParameter rename Prescaler parameter to ClockPrescaler for STM32L5 is applicable
2023-04-07 10:46:05,083 [INFO] Rule:228 - rule LPUART IPParameter rename Prescaler parameter to ClockPrescaler for STM32L5 is applicable
2023-04-07 10:46:05,083 [INFO] Rule:228 - rule LPUART IPParameter rename Prescaler parameter to ClockPrescaler for STM32G4 is applicable
2023-04-07 10:46:05,083 [INFO] Rule:228 - rule LPUART IPParameter rename Prescaler parameter to ClockPrescaler for STM32G4 is applicable
2023-04-07 10:46:05,083 [INFO] Rule:228 - rule USB device lib V2.5.3 for L0 rename USBD_SUPPORT_USER_STRING parameter to USBD_SUPPORT_USER_STRING_DESC4 is applicable
2023-04-07 10:46:05,083 [INFO] Rule:228 - rule I2SCLockSelection clock entry align is applicable
2023-04-07 10:46:05,083 [INFO] Rule:228 - rule Assign TIMx context if used as SYS timebase is applicable
2023-04-07 10:46:05,083 [INFO] Rule:228 - rule Change GPIO_Pu Default Value for I2C is applicable
2023-04-07 10:46:05,083 [INFO] Rule:228 - rule Change GPIO_Pu Default Value for SMBus is applicable
2023-04-07 10:46:05,083 [INFO] Rule:228 - rule change FDCAN default value is applicable
2023-04-07 10:46:05,083 [INFO] Rule:228 - rule Change mode sai is applicable
2023-04-07 10:46:05,083 [INFO] Rule:228 - rule **Change sai mode is applicable
2023-04-07 10:46:05,102 [INFO] DbConfProperties:307 - Apply Compatibility (49/258 Rules)
2023-04-07 10:46:05,129 [INFO] ImportTextPane:194 - (OptionalMessage_ERROR) Unable to find key (Mcu.ThirdPartyNb) in loaded IOC file
2023-04-07 10:46:05,233 [INFO] RtosManager:555 - Registered RTOS mode: class=CMSIS, group=RTOS, mode=CMSIS_V1, owner=FREERTOS
2023-04-07 10:46:05,234 [INFO] RtosManager:555 - Registered RTOS mode: class=CMSIS, group=RTOS2, mode=CMSIS_V2, owner=FREERTOS
2023-04-07 10:46:05,234 [INFO] RtosManager:555 - Registered RTOS mode: class=RTOS, group=Core, mode=CMSIS_V1, owner=FREERTOS
2023-04-07 10:46:05,234 [INFO] RtosManager:555 - Registered RTOS mode: class=RTOS, group=Core, mode=CMSIS_V2, owner=FREERTOS
2023-04-07 10:46:05,234 [WARN] ModelIntegratedComponent:184 - Missing modes for component STMicroelectronics:FreeRTOS:0.0.1:STMicroelectronics:RTOS:FreeRTOS:Core:::10.2.0:
2023-04-07 10:46:05,240 [WARN] ModelIntegratedComponent:182 - Modes not found for component STMicroelectronics:USB_HOST:1.0.0:STMicroelectronics:USB::USB Host:Audio HS::1.0:USB_HOST_1_0_RESTRICTED_HS
2023-04-07 10:46:05,240 [WARN] ModelIntegratedComponent:188 - Modes not found for component STMicroelectronics:USB_HOST:1.0.0:STMicroelectronics:USB::USB Host:Audio HS::1.0:USB_HOST_1_0_RESTRICTED_HS
2023-04-07 10:46:05,240 [WARN] ModelIntegratedComponent:182 - Modes not found for component STMicroelectronics:USB_HOST:1.0.0:STMicroelectronics:USB::USB Host:CDC HS::1.0:USB_HOST_1_0_RESTRICTED_HS
2023-04-07 10:46:05,240 [WARN] ModelIntegratedComponent:188 - Modes not found for component STMicroelectronics:USB_HOST:1.0.0:STMicroelectronics:USB::USB Host:CDC HS::1.0:USB_HOST_1_0_RESTRICTED_HS
2023-04-07 10:46:05,240 [WARN] ModelIntegratedComponent:182 - Modes not found for component STMicroelectronics:USB_HOST:1.0.0:STMicroelectronics:USB::USB Host:MSC HS::1.0:USB_HOST_1_0_RESTRICTED_HS
2023-04-07 10:46:05,240 [WARN] ModelIntegratedComponent:188 - Modes not found for component STMicroelectronics:USB_HOST:1.0.0:STMicroelectronics:USB::USB Host:MSC HS::1.0:USB_HOST_1_0_RESTRICTED_HS
2023-04-07 10:46:05,240 [WARN] ModelIntegratedComponent:182 - Modes not found for component STMicroelectronics:USB_HOST:1.0.0:STMicroelectronics:USB::USB Host:HID HS::1.0:USB_HOST_1_0_RESTRICTED_HS
2023-04-07 10:46:05,240 [WARN] ModelIntegratedComponent:188 - Modes not found for component STMicroelectronics:USB_HOST:1.0.0:STMicroelectronics:USB::USB Host:HID HS::1.0:USB_HOST_1_0_RESTRICTED_HS
2023-04-07 10:46:05,240 [WARN] ModelIntegratedComponent:182 - Modes not found for component STMicroelectronics:USB_HOST:1.0.0:STMicroelectronics:USB::USB Host:MTP HS::1.0:USB_HOST_1_0_RESTRICTED_HS
2023-04-07 10:46:05,240 [WARN] ModelIntegratedComponent:188 - Modes not found for component STMicroelectronics:USB_HOST:1.0.0:STMicroelectronics:USB::USB Host:MTP HS::1.0:USB_HOST_1_0_RESTRICTED_HS
2023-04-07 10:46:05,249 [WARN] ModelIntegratedComponent:63 - No mode defined for component null
2023-04-07 10:46:05,250 [WARN] ModelIntegratedComponent:63 - No mode defined for component null
2023-04-07 10:46:05,250 [WARN] ModelIntegratedComponent:63 - No mode defined for component null
2023-04-07 10:46:05,250 [WARN] ModelIntegratedComponent:63 - No mode defined for component null
2023-04-07 10:46:05,250 [WARN] ModelIntegratedComponent:63 - No mode defined for component null
2023-04-07 10:46:05,250 [WARN] ModelIntegratedComponent:63 - No mode defined for component null
2023-04-07 10:46:05,250 [WARN] ModelIntegratedComponent:63 - No mode defined for component null
2023-04-07 10:46:05,250 [WARN] ModelIntegratedComponent:63 - No mode defined for component null
2023-04-07 10:46:05,250 [WARN] ModelIntegratedComponent:63 - No mode defined for component null
2023-04-07 10:46:05,250 [WARN] ModelIntegratedComponent:63 - No mode defined for component null
2023-04-07 10:46:05,250 [WARN] ModelIntegratedComponent:63 - No mode defined for component null
2023-04-07 10:46:05,250 [WARN] ModelIntegratedComponent:63 - No mode defined for component null
2023-04-07 10:46:05,250 [WARN] ModelIntegratedComponent:63 - No mode defined for component null
2023-04-07 10:46:05,250 [WARN] ModelIntegratedComponent:63 - No mode defined for component null
2023-04-07 10:46:05,250 [WARN] ModelIntegratedComponent:63 - No mode defined for component null
2023-04-07 10:46:05,250 [WARN] ModelIntegratedComponent:63 - No mode defined for component null
2023-04-07 10:46:05,250 [WARN] ModelIntegratedComponent:63 - No mode defined for component null
2023-04-07 10:46:05,250 [WARN] ModelIntegratedComponent:63 - No mode defined for component null
2023-04-07 10:46:05,250 [WARN] ModelIntegratedComponent:63 - No mode defined for component null
2023-04-07 10:46:05,250 [WARN] ModelIntegratedComponent:63 - No mode defined for component null
2023-04-07 10:46:05,250 [WARN] ModelIntegratedComponent:63 - No mode defined for component null
2023-04-07 10:46:05,250 [WARN] ModelIntegratedComponent:63 - No mode defined for component null
2023-04-07 10:46:05,250 [WARN] ModelIntegratedComponent:63 - No mode defined for component null
2023-04-07 10:46:05,250 [WARN] ModelIntegratedComponent:63 - No mode defined for component null
2023-04-07 10:46:05,251 [WARN] ModelIntegratedComponent:63 - No mode defined for component null
2023-04-07 10:46:05,251 [WARN] ModelIntegratedComponent:63 - No mode defined for component null
2023-04-07 10:46:05,251 [WARN] ModelIntegratedComponent:63 - No mode defined for component null
2023-04-07 10:46:05,251 [WARN] ModelIntegratedComponent:63 - No mode defined for component null
2023-04-07 10:46:05,251 [WARN] ModelIntegratedComponent:63 - No mode defined for component null
2023-04-07 10:46:05,251 [WARN] ModelIntegratedComponent:63 - No mode defined for component null
2023-04-07 10:46:05,251 [WARN] ModelIntegratedComponent:63 - No mode defined for component null
2023-04-07 10:46:05,251 [WARN] ModelIntegratedComponent:63 - No mode defined for component null
2023-04-07 10:46:05,251 [WARN] ModelIntegratedComponent:63 - No mode defined for component null
2023-04-07 10:46:05,357 [WARN] ModelIntegratedComponent:182 - Modes not found for component STMicroelectronics:USB_DEVICE:1.0.0:STMicroelectronics:USB::USB Device:Audio HS::1.0:USB_DEVICE_1_0_RESTRICTED_HS
2023-04-07 10:46:05,358 [WARN] ModelIntegratedComponent:188 - Modes not found for component STMicroelectronics:USB_DEVICE:1.0.0:STMicroelectronics:USB::USB Device:Audio HS::1.0:USB_DEVICE_1_0_RESTRICTED_HS
2023-04-07 10:46:05,358 [WARN] ModelIntegratedComponent:182 - Modes not found for component STMicroelectronics:USB_DEVICE:1.0.0:STMicroelectronics:USB::USB Device:CDC HS::1.0:USB_DEVICE_1_0_RESTRICTED_HS
2023-04-07 10:46:05,358 [WARN] ModelIntegratedComponent:188 - Modes not found for component STMicroelectronics:USB_DEVICE:1.0.0:STMicroelectronics:USB::USB Device:CDC HS::1.0:USB_DEVICE_1_0_RESTRICTED_HS
2023-04-07 10:46:05,358 [WARN] ModelIntegratedComponent:182 - Modes not found for component STMicroelectronics:USB_DEVICE:1.0.0:STMicroelectronics:USB::USB Device:DFU HS::1.0:USB_DEVICE_1_0_RESTRICTED_HS
2023-04-07 10:46:05,358 [WARN] ModelIntegratedComponent:188 - Modes not found for component STMicroelectronics:USB_DEVICE:1.0.0:STMicroelectronics:USB::USB Device:DFU HS::1.0:USB_DEVICE_1_0_RESTRICTED_HS
2023-04-07 10:46:05,358 [WARN] ModelIntegratedComponent:182 - Modes not found for component STMicroelectronics:USB_DEVICE:1.0.0:STMicroelectronics:USB::USB Device:HID HS::1.0:USB_DEVICE_1_0_RESTRICTED_HS
2023-04-07 10:46:05,358 [WARN] ModelIntegratedComponent:188 - Modes not found for component STMicroelectronics:USB_DEVICE:1.0.0:STMicroelectronics:USB::USB Device:HID HS::1.0:USB_DEVICE_1_0_RESTRICTED_HS
2023-04-07 10:46:05,358 [WARN] ModelIntegratedComponent:182 - Modes not found for component STMicroelectronics:USB_DEVICE:1.0.0:STMicroelectronics:USB::USB Device:Custom HID HS::1.0:USB_DEVICE_1_0_RESTRICTED_HS
2023-04-07 10:46:05,358 [WARN] ModelIntegratedComponent:188 - Modes not found for component STMicroelectronics:USB_DEVICE:1.0.0:STMicroelectronics:USB::USB Device:Custom HID HS::1.0:USB_DEVICE_1_0_RESTRICTED_HS
2023-04-07 10:46:05,358 [WARN] ModelIntegratedComponent:182 - Modes not found for component STMicroelectronics:USB_DEVICE:1.0.0:STMicroelectronics:USB::USB Device:MSC HS::1.0:USB_DEVICE_1_0_RESTRICTED_HS
2023-04-07 10:46:05,358 [WARN] ModelIntegratedComponent:188 - Modes not found for component STMicroelectronics:USB_DEVICE:1.0.0:STMicroelectronics:USB::USB Device:MSC HS::1.0:USB_DEVICE_1_0_RESTRICTED_HS
2023-04-07 10:46:05,369 [INFO] ThirdPartyModel:298 - Start build external matchings
2023-04-07 10:46:05,626 [INFO] ThirdPartyModel:316 - End build external matchings
2023-04-07 10:46:05,637 [INFO] ImportTextPane:194 - (OptionalMessage_ERROR) IP (RCC) : Parameter (48MHZClocksFreq_Value) has invalid value (84000000)
2023-04-07 10:46:05,639 [INFO] ImportTextPane:194 - (OptionalMessage_ERROR) IP (RCC) : Parameter (FLatency) has Id (AdvancedSettings) currently not set
2023-04-07 10:46:05,639 [INFO] ImportTextPane:194 - (OptionalMessage_ERROR) IP (RCC) : Parameter (RTCHSEDivFreq_Value) has invalid value (4000000)
2023-04-07 10:46:05,806 [INFO] UtilMem:75 - End LoadConfig() Used Memory: 216045712 Bytes (433061888)
2023-04-07 10:46:05,967 [WARN] ThirdParty:833 - waiting for thirdparty lock release [change project]
2023-04-07 10:46:05,967 [INFO] ThirdParty:835 - entering critical section [change project]
2023-04-07 10:46:05,967 [INFO] ThirdParty:1030 - CMSIS Pack Vendor :STMicroelectronics X-CUBE-ISPU 1.1.0
2023-04-07 10:46:05,967 [INFO] ThirdParty:1030 - CMSIS Pack Vendor :RoweBots I-CUBE-UNISONRTOS 5.5.0-4
2023-04-07 10:46:05,967 [INFO] ThirdParty:1030 - CMSIS Pack Vendor :STMicroelectronics X-CUBE-GNSS1 6.0.0
2023-04-07 10:46:05,967 [INFO] ThirdParty:1030 - CMSIS Pack Vendor :STMicroelectronics USB_HOST 2.0.0
2023-04-07 10:46:05,967 [INFO] ThirdParty:1030 - CMSIS Pack Vendor :STMicroelectronics X-CUBE-AZRTOS-F4 1.1.0
2023-04-07 10:46:05,967 [INFO] ThirdParty:1030 - CMSIS Pack Vendor :STMicroelectronics LIBJPEG 8.0.0
2023-04-07 10:46:05,968 [INFO] ThirdParty:1030 - CMSIS Pack Vendor :wolfSSL I-CUBE-wolfSSL 5.6.0
2023-04-07 10:46:05,968 [INFO] ThirdParty:1030 - CMSIS Pack Vendor :STMicroelectronics USB_DEVICE 3.0.0
2023-04-07 10:46:05,968 [INFO] ThirdParty:1030 - CMSIS Pack Vendor :STMicroelectronics X-CUBE-AI 8.0.0
2023-04-07 10:46:05,968 [INFO] ThirdParty:1030 - CMSIS Pack Vendor :STMicroelectronics X-CUBE-FREERTOS 1.0.0
2023-04-07 10:46:05,968 [INFO] ThirdParty:1030 - CMSIS Pack Vendor :STMicroelectronics X-CUBE-TOUCHGFX 4.21.3
2023-04-07 10:46:05,968 [INFO] ThirdParty:1030 - CMSIS Pack Vendor :STMicroelectronics X-CUBE-AZRTOS-F7 1.1.0
2023-04-07 10:46:05,968 [INFO] ThirdParty:1030 - CMSIS Pack Vendor :STMicroelectronics USB_DEVICE 2.0.0
2023-04-07 10:46:05,968 [INFO] ThirdParty:1030 - CMSIS Pack Vendor :STMicroelectronics X-CUBE-ALGOBUILD 1.3.0
2023-04-07 10:46:05,968 [INFO] ThirdParty:1030 - CMSIS Pack Vendor :STMicroelectronics X-CUBE-BLE1 6.2.4
2023-04-07 10:46:05,968 [INFO] ThirdParty:1030 - CMSIS Pack Vendor :STMicroelectronics X-CUBE-AZRTOS-L5 1.1.0
2023-04-07 10:46:05,968 [INFO] ThirdParty:1030 - CMSIS Pack Vendor :STMicroelectronics FreeRTOS 0.0.1
2023-04-07 10:46:05,968 [INFO] ThirdParty:1030 - CMSIS Pack Vendor :emotas I-CUBE-CANOPEN 1.1.3
2023-04-07 10:46:05,968 [INFO] ThirdParty:1030 - CMSIS Pack Vendor :STMicroelectronics X-CUBE-AZRTOS-G0 1.1.0
2023-04-07 10:46:05,968 [INFO] ThirdParty:1030 - CMSIS Pack Vendor :STMicroelectronics X-CUBE-BLEMGR 2.0.0
2023-04-07 10:46:05,968 [INFO] ThirdParty:1030 - CMSIS Pack Vendor :STMicroelectronics X-CUBE-SUBG2 5.0.0
2023-04-07 10:46:05,968 [INFO] ThirdParty:1030 - CMSIS Pack Vendor :STMicroelectronics X-CUBE-NFC4 3.0.0
2023-04-07 10:46:05,968 [INFO] ThirdParty:1030 - CMSIS Pack Vendor :STMicroelectronics STM32_WPAN 1.0.0
2023-04-07 10:46:05,968 [INFO] ThirdParty:1030 - CMSIS Pack Vendor :STMicroelectronics lwIP 2.0.3
2023-04-07 10:46:05,968 [INFO] ThirdParty:1030 - CMSIS Pack Vendor :STMicroelectronics USB_HOST 1.0.0
2023-04-07 10:46:05,968 [INFO] ThirdParty:1030 - CMSIS Pack Vendor :STMicroelectronics PDM2PCM 3.1.0
2023-04-07 10:46:05,968 [INFO] ThirdParty:1030 - CMSIS Pack Vendor :STMicroelectronics X-CUBE-TOF1 3.3.0
2023-04-07 10:46:05,968 [INFO] ThirdParty:1030 - CMSIS Pack Vendor :STMicroelectronics FP-ATR-ASTRA1 1.1.1
2023-04-07 10:46:05,968 [INFO] ThirdParty:1030 - CMSIS Pack Vendor :STMicroelectronics PDM2PCM 3.3.0
2023-04-07 10:46:05,968 [INFO] ThirdParty:1030 - CMSIS Pack Vendor :STMicroelectronics X-CUBE-DISPLAY 3.0.0
2023-04-07 10:46:05,968 [INFO] ThirdParty:1030 - CMSIS Pack Vendor :STMicroelectronics X-CUBE-AZRTOS-G4 1.0.0
2023-04-07 10:46:05,969 [INFO] ThirdParty:1030 - CMSIS Pack Vendor :STMicroelectronics FP-ATR-SIGFOX1 3.2.0
2023-04-07 10:46:05,969 [INFO] ThirdParty:1030 - CMSIS Pack Vendor :STMicroelectronics X-CUBE-AZRTOS-L4 1.0.0
2023-04-07 10:46:05,969 [INFO] ThirdParty:1030 - CMSIS Pack Vendor :STMicroelectronics HAL Drivers 0.0.0
2023-04-07 10:46:05,969 [INFO] ThirdParty:1030 - CMSIS Pack Vendor :STMicroelectronics MBEDTLS 2.16.2
2023-04-07 10:46:05,969 [INFO] ThirdParty:1030 - CMSIS Pack Vendor :STMicroelectronics MBEDTLS 2.14.1
2023-04-07 10:46:05,969 [INFO] ThirdParty:1030 - CMSIS Pack Vendor :STMicroelectronics X-CUBE-NFC7 1.0.0
2023-04-07 10:46:05,969 [INFO] ThirdParty:1030 - CMSIS Pack Vendor :STMicroelectronics X-CUBE-AZRTOS-WL 1.0.0
2023-04-07 10:46:05,969 [INFO] ThirdParty:1030 - CMSIS Pack Vendor :STMicroelectronics X-CUBE-EEPRMA1 4.1.0
2023-04-07 10:46:05,969 [INFO] ThirdParty:1030 - CMSIS Pack Vendor :portGmbH I-Cube-SoM-uGOAL 1.1.0
2023-04-07 10:46:05,969 [INFO] ThirdParty:1030 - CMSIS Pack Vendor :STMicroelectronics X-CUBE-ALS 1.0.1
2023-04-07 10:46:05,969 [INFO] ThirdParty:1030 - CMSIS Pack Vendor :STMicroelectronics X-CUBE-MEMS1 9.5.0
2023-04-07 10:46:05,969 [INFO] ThirdParty:1030 - CMSIS Pack Vendor :STMicroelectronics ThreadX 1.0.0
2023-04-07 10:46:05,969 [INFO] ThirdParty:1030 - CMSIS Pack Vendor :STMicroelectronics X-CUBE-AZRTOS-WB 1.1.0
2023-04-07 10:46:05,969 [INFO] ThirdParty:1030 - CMSIS Pack Vendor :SEGGER I-CUBE-embOS 1.3.1
2023-04-07 10:46:05,969 [INFO] ThirdParty:1030 - CMSIS Pack Vendor :STMicroelectronics USB_DEVICE 1.0.0
2023-04-07 10:46:05,969 [INFO] ThirdParty:1030 - CMSIS Pack Vendor :STMicroelectronics ThreadX 0.0.2
2023-04-07 10:46:05,969 [INFO] ThirdParty:1030 - CMSIS Pack Vendor :WES I-CUBE-Cesium 1.3.0
2023-04-07 10:46:05,969 [INFO] ThirdParty:1030 - CMSIS Pack Vendor :STMicroelectronics lwIP 2.1.2
2023-04-07 10:46:05,969 [INFO] ThirdParty:1030 - CMSIS Pack Vendor :STMicroelectronics X-CUBE-SFXS2LP1 4.0.0
2023-04-07 10:46:05,969 [INFO] ThirdParty:1030 - CMSIS Pack Vendor :STMicroelectronics X-CUBE-BLE2 3.3.0
2023-04-07 10:46:05,969 [INFO] ThirdParty:1030 - CMSIS Pack Vendor :STMicroelectronics PDM2PCM 3.2.0
2023-04-07 10:46:05,969 [INFO] ThirdParty:1030 - CMSIS Pack Vendor :STMicroelectronics X-CUBE-AZRTOS-H7 3.0.0
2023-04-07 10:46:05,969 [INFO] ThirdParty:841 - exiting critical section [change project]
2023-04-07 10:46:06,251 [INFO] PinOutPanel:1499 - setPackage(No Configuration,No Configuration)
2023-04-07 10:46:06,252 [INFO] PinOutPanel:1499 - setPackage(STM32F411RETx,LQFP64)
2023-04-07 10:46:06,895 [INFO] UtilMem:75 - Before build in PCC Used Memory: 272924968 Bytes (433061888)
2023-04-07 10:46:07,528 [INFO] UtilMem:75 - After build in PCC Used Memory: 286505008 Bytes (433061888)
2023-04-07 10:46:07,550 [INFO] IPUIPlugin:80 - create IPUIPlugin
2023-04-07 10:46:07,550 [INFO] IPUIPlugin:80 - create IPUIPlugin
2023-04-07 10:46:07,550 [INFO] IPUIPlugin:80 - create IPUIPlugin
2023-04-07 10:46:07,550 [INFO] IPUIPlugin:80 - create IPUIPlugin
2023-04-07 10:46:07,551 [INFO] IPUIPlugin:80 - create IPUIPlugin
2023-04-07 10:46:07,551 [INFO] IPUIPlugin:80 - create IPUIPlugin
2023-04-07 10:46:07,551 [INFO] IPUIPlugin:80 - create IPUIPlugin
2023-04-07 10:46:07,551 [INFO] IPUIPlugin:80 - create IPUIPlugin
2023-04-07 10:46:07,551 [INFO] IPUIPlugin:80 - create IPUIPlugin
2023-04-07 10:46:07,551 [INFO] IPUIPlugin:80 - create IPUIPlugin
2023-04-07 10:46:07,551 [INFO] IPUIPlugin:80 - create IPUIPlugin
2023-04-07 10:46:07,551 [INFO] IPUIPlugin:80 - create IPUIPlugin
2023-04-07 10:46:07,551 [INFO] IPUIPlugin:80 - create IPUIPlugin
2023-04-07 10:46:07,551 [INFO] IPUIPlugin:80 - create IPUIPlugin
2023-04-07 10:46:07,551 [INFO] IPUIPlugin:80 - create IPUIPlugin
2023-04-07 10:46:07,551 [INFO] IPUIPlugin:80 - create IPUIPlugin
2023-04-07 10:46:07,552 [INFO] IPUIPlugin:80 - create IPUIPlugin
2023-04-07 10:46:07,552 [INFO] IPUIPlugin:80 - create IPUIPlugin
2023-04-07 10:46:07,552 [INFO] IPUIPlugin:80 - create IPUIPlugin
2023-04-07 10:46:07,552 [INFO] IPUIPlugin:80 - create IPUIPlugin
2023-04-07 10:46:07,552 [INFO] IPUIPlugin:80 - create IPUIPlugin
2023-04-07 10:46:07,552 [INFO] IPUIPlugin:80 - create IPUIPlugin
2023-04-07 10:46:07,552 [INFO] IPUIPlugin:80 - create IPUIPlugin
2023-04-07 10:46:07,553 [INFO] IPUIPlugin:80 - create IPUIPlugin
2023-04-07 10:46:07,553 [INFO] IPUIPlugin:80 - create IPUIPlugin
2023-04-07 10:46:07,553 [INFO] IPUIPlugin:80 - create IPUIPlugin
2023-04-07 10:46:07,553 [INFO] IPUIPlugin:80 - create IPUIPlugin
2023-04-07 10:46:07,553 [INFO] IPUIPlugin:80 - create IPUIPlugin
2023-04-07 10:46:07,553 [INFO] IPUIPlugin:80 - create IPUIPlugin
2023-04-07 10:46:07,553 [INFO] IPUIPlugin:80 - create IPUIPlugin
2023-04-07 10:46:07,553 [INFO] IPUIPlugin:80 - create IPUIPlugin
2023-04-07 10:46:07,554 [INFO] IPUIPlugin:80 - create IPUIPlugin
2023-04-07 10:46:07,554 [INFO] IPUIPlugin:80 - create IPUIPlugin
2023-04-07 10:46:07,554 [INFO] IPUIPlugin:80 - create IPUIPlugin
2023-04-07 10:46:07,554 [INFO] IPUIPlugin:80 - create IPUIPlugin
2023-04-07 10:46:07,554 [INFO] IPUIPlugin:80 - create IPUIPlugin
2023-04-07 10:46:07,554 [INFO] IPUIPlugin:80 - create IPUIPlugin
2023-04-07 10:46:07,554 [INFO] IPUIPlugin:80 - create IPUIPlugin
2023-04-07 10:46:07,555 [INFO] IPUIPlugin:80 - create IPUIPlugin
2023-04-07 10:46:07,555 [INFO] IPUIPlugin:80 - create IPUIPlugin
2023-04-07 10:46:07,555 [INFO] IPUIPlugin:80 - create IPUIPlugin
2023-04-07 10:46:07,555 [INFO] IPUIPlugin:80 - create IPUIPlugin
2023-04-07 10:46:07,556 [INFO] IPUIPlugin:80 - create IPUIPlugin
2023-04-07 10:46:07,627 [INFO] ApiDbMcu:507 - Load IP Config File for PDM2PCM
2023-04-07 10:46:07,892 [INFO] CADModel:165 - CPN selected for project levelSTM32F411RET6
2023-04-07 10:46:07,893 [INFO] CADModel:114 - Register for checkConnection events
2023-04-07 10:46:07,934 [INFO] OpenFileManager:328 - Restore cursor
2023-04-07 10:46:08,378 [INFO] UtilMem:75 - End SaveConfig() Used Memory: 303597504 Bytes (433061888)
2023-04-07 10:46:08,425 [INFO] UtilMem:75 - End SaveConfig() Used Memory: 318277568 Bytes (433061888)
2023-04-07 10:46:09,051 [INFO] BlockDiagram:2759 - set Specific Code input for plugin: NVIC
2023-04-07 10:46:09,051 [INFO] BlockDiagram:2759 - set Specific Code input for plugin: USART
2023-04-07 10:46:09,051 [INFO] BlockDiagram:2759 - set Specific Code input for plugin: SYS
2023-04-07 10:46:09,052 [INFO] BlockDiagram:2759 - set Specific Code input for plugin: GPIO
2023-04-07 10:46:09,052 [INFO] BlockDiagram:2759 - set Specific Code input for plugin: RCC
2023-04-07 10:46:09,053 [INFO] CodeGenerator:793 - code generatio: config db path: /opt/st/stm32cubeide_1.12.0/plugins/com.st.stm32cube.common.mx_6.8.0.202302231600//db/
2023-04-07 10:46:09,388 [INFO] CodeEngine:255 - oldGeneratedFile, /home/sanketh/STM32CubeIDE/workspace_1.12.0/SystickDelay/MXTmpFiles/license.tmp_save
2023-04-07 10:46:09,777 [INFO] CodeEngine:279 - Generated code: /home/sanketh/STM32CubeIDE/workspace_1.12.0/SystickDelay/MXTmpFiles/license.tmp
2023-04-07 10:46:09,918 [INFO] CodeEngine:255 - oldGeneratedFile, /home/sanketh/STM32CubeIDE/workspace_1.12.0/SystickDelay/MXTmpFiles/gpio.tmp_save
2023-04-07 10:46:10,045 [INFO] CodeEngine:279 - Generated code: /home/sanketh/STM32CubeIDE/workspace_1.12.0/SystickDelay/MXTmpFiles/gpio.tmp
2023-04-07 10:46:10,170 [INFO] CodeEngine:255 - oldGeneratedFile, /home/sanketh/STM32CubeIDE/workspace_1.12.0/SystickDelay/Core/Src/stm32f4xx_it.c_save
2023-04-07 10:46:10,257 [INFO] CodeEngine:279 - Generated code: /home/sanketh/STM32CubeIDE/workspace_1.12.0/SystickDelay/Core/Src/stm32f4xx_it.c
2023-04-07 10:46:10,258 [INFO] CodeEngine:255 - oldGeneratedFile, /home/sanketh/STM32CubeIDE/workspace_1.12.0/SystickDelay/Core/Inc/stm32f4xx_it.h_save
2023-04-07 10:46:10,321 [INFO] CodeEngine:279 - Generated code: /home/sanketh/STM32CubeIDE/workspace_1.12.0/SystickDelay/Core/Inc/stm32f4xx_it.h
2023-04-07 10:46:10,334 [INFO] CodeEngine:255 - oldGeneratedFile, /home/sanketh/STM32CubeIDE/workspace_1.12.0/SystickDelay/Core/Src/stm32f4xx_hal_msp.c_save
2023-04-07 10:46:10,438 [INFO] CodeEngine:279 - Generated code: /home/sanketh/STM32CubeIDE/workspace_1.12.0/SystickDelay/Core/Src/stm32f4xx_hal_msp.c
2023-04-07 10:46:10,440 [INFO] CodeEngine:255 - oldGeneratedFile, /home/sanketh/STM32CubeIDE/workspace_1.12.0/SystickDelay/MXTmpFiles/system.tmp_save
2023-04-07 10:46:10,520 [INFO] CodeEngine:279 - Generated code: /home/sanketh/STM32CubeIDE/workspace_1.12.0/SystickDelay/MXTmpFiles/system.tmp
2023-04-07 10:46:10,534 [INFO] CodeEngine:311 - oldGeneratedFile, /home/sanketh/STM32CubeIDE/workspace_1.12.0/SystickDelay/Core/Inc/stm32f4xx_hal_conf.h_save
2023-04-07 10:46:10,643 [INFO] CodeEngine:335 - Generated code: /home/sanketh/STM32CubeIDE/workspace_1.12.0/SystickDelay/Core/Inc/stm32f4xx_hal_conf.h
2023-04-07 10:46:10,673 [INFO] CodeEngine:255 - oldGeneratedFile, /home/sanketh/STM32CubeIDE/workspace_1.12.0/SystickDelay/Core/Inc/main.h_save
2023-04-07 10:46:10,737 [INFO] CodeEngine:279 - Generated code: /home/sanketh/STM32CubeIDE/workspace_1.12.0/SystickDelay/Core/Inc/main.h
2023-04-07 10:46:10,739 [INFO] CodeEngine:255 - oldGeneratedFile, /home/sanketh/STM32CubeIDE/workspace_1.12.0/SystickDelay/Core/Src/main.c_save
2023-04-07 10:46:10,829 [INFO] CodeEngine:279 - Generated code: /home/sanketh/STM32CubeIDE/workspace_1.12.0/SystickDelay/Core/Src/main.c
2023-04-07 10:46:12,012 [INFO] ProjectBuilder:2996 - Time for Copy HAL[1] : 542mS.
2023-04-07 10:46:12,034 [INFO] ProjectBuilder:4304 - Project Generator version: 3.19.2
2023-04-07 10:46:12,473 [INFO] ConfigFileManager:1483 - The Die is : DIE431
2023-04-07 10:46:12,506 [INFO] ApiDbMcu:507 - Load IP Config File for FATFS
2023-04-07 10:46:12,542 [INFO] ApiDbMcu:507 - Load IP Config File for FREERTOS
2023-04-07 10:46:12,549 [INFO] ApiDbMcu:507 - Load IP Config File for LIBJPEG
2023-04-07 10:46:12,579 [INFO] ApiDbMcu:507 - Load IP Config File for MBEDTLS
2023-04-07 10:46:12,601 [INFO] ApiDbMcu:507 - Load IP Config File for USB_DEVICE
2023-04-07 10:46:12,616 [INFO] ApiDbMcu:507 - Load IP Config File for USB_HOST
2023-04-07 10:46:13,505 [INFO] LogOutputStream:77 - [STDOUT_REDIRECT] 
2023-04-07 10:46:18,757 [INFO] ProjectBuilder:4505 - Time for Generating toolchain IDE Files: 6723mS.
2023-04-07 10:46:18,758 [INFO] ProjectBuilder:2867 - Time for Copy CMSIS : 1mS.
2023-04-07 10:46:18,759 [INFO] ProjectBuilder:2867 - Time for Copy CMSIS : 0mS.
2023-04-07 10:46:19,470 [INFO] McuFinderGlobals:66 - Set McuFinderConnectedMode to true
2023-04-07 10:46:19,472 [INFO] ApiDb:448 - Save user favorites file /home/sanketh/.stm32cubeide/favorites.mcus.txt: 0 item(s)
2023-04-07 10:46:19,472 [INFO] ApiDb:452 - User favorites MCUs=[]
2023-04-07 10:46:19,473 [INFO] ApiDb:448 - Save user favorites file /home/sanketh/.stm32cubeide/favorites.boards.txt: 1 item(s)
2023-04-07 10:46:19,473 [INFO] ApiDb:452 - User favorites Boards=[NUCLEO-F411RE]
2023-04-07 10:56:36,616 [ERROR] ConfigurationRetriever:142 - IOException on connection: connect timed out
2023-04-07 10:56:38,619 [ERROR] ConfigurationRetriever:142 - IOException on connection: connect timed out
2023-04-07 10:56:40,623 [ERROR] ConfigurationRetriever:142 - IOException on connection: connect timed out
2023-04-07 10:56:42,644 [ERROR] ConfigurationRetriever:142 - IOException on connection: connect timed out
2023-04-07 10:56:44,649 [ERROR] ConfigurationRetriever:142 - IOException on connection: connect timed out
2023-04-07 10:56:46,653 [ERROR] ConfigurationRetriever:142 - IOException on connection: connect timed out
2023-04-07 10:57:22,849 [ERROR] ConfigurationRetriever:142 - IOException on connection: connect timed out
2023-04-07 10:57:24,853 [ERROR] ConfigurationRetriever:142 - IOException on connection: connect timed out
2023-04-07 10:57:26,857 [ERROR] ConfigurationRetriever:142 - IOException on connection: connect timed out
2023-04-07 10:57:28,883 [ERROR] ConfigurationRetriever:142 - IOException on connection: connect timed out
2023-04-07 10:57:30,887 [ERROR] ConfigurationRetriever:142 - IOException on connection: connect timed out
2023-04-07 10:57:32,891 [ERROR] ConfigurationRetriever:142 - IOException on connection: connect timed out
2023-04-07 10:59:29,792 [ERROR] ConfigurationRetriever:142 - IOException on connection: connect timed out
2023-04-07 10:59:31,796 [ERROR] ConfigurationRetriever:142 - IOException on connection: connect timed out
2023-04-07 10:59:33,800 [ERROR] ConfigurationRetriever:142 - IOException on connection: connect timed out
2023-04-07 10:59:35,819 [ERROR] ConfigurationRetriever:142 - IOException on connection: connect timed out
2023-04-07 10:59:37,823 [ERROR] ConfigurationRetriever:142 - IOException on connection: connect timed out
2023-04-07 10:59:39,827 [ERROR] ConfigurationRetriever:142 - IOException on connection: connect timed out
2023-04-07 11:00:02,497 [ERROR] ConfigurationRetriever:142 - IOException on connection: connect timed out
2023-04-07 11:00:04,501 [ERROR] ConfigurationRetriever:142 - IOException on connection: connect timed out
2023-04-07 11:00:06,505 [ERROR] ConfigurationRetriever:142 - IOException on connection: connect timed out
2023-04-07 11:03:49,389 [ERROR] ConfigurationRetriever:142 - IOException on connection: connect timed out
2023-04-07 11:03:51,391 [ERROR] ConfigurationRetriever:142 - IOException on connection: connect timed out
2023-04-07 11:03:53,394 [ERROR] ConfigurationRetriever:142 - IOException on connection: connect timed out
2023-04-07 11:03:55,415 [ERROR] ConfigurationRetriever:142 - IOException on connection: connect timed out
2023-04-07 11:03:57,419 [ERROR] ConfigurationRetriever:142 - IOException on connection: connect timed out
2023-04-07 11:03:59,423 [ERROR] ConfigurationRetriever:142 - IOException on connection: connect timed out
2023-04-07 11:29:42,956 [ERROR] ConfigurationRetriever:142 - IOException on connection: connect timed out
2023-04-07 11:29:44,961 [ERROR] ConfigurationRetriever:142 - IOException on connection: connect timed out
2023-04-07 11:29:46,965 [ERROR] ConfigurationRetriever:142 - IOException on connection: connect timed out
2023-04-07 11:29:48,998 [ERROR] ConfigurationRetriever:142 - IOException on connection: connect timed out
2023-04-07 11:29:51,002 [ERROR] ConfigurationRetriever:142 - IOException on connection: connect timed out
2023-04-07 11:29:53,003 [ERROR] ConfigurationRetriever:142 - IOException on connection: connect timed out
